{"meta": {"format": 3, "version": "7.6.4", "timestamp": "2024-11-13T22:04:38.257716", "branch_coverage": false, "show_contexts": false}, "files": {"src/rendering.py": {"executed_lines": [1, 5, 7, 9, 23, 25, 39, 40, 41, 42, 45, 65, 67, 69, 70, 73, 74, 76, 79, 82, 94, 99, 100, 103, 121, 122, 126, 130, 131, 132, 133, 134, 135, 136, 137, 138, 139, 142, 157, 160, 163, 176, 179, 181, 183, 185, 186, 187, 188, 190, 191, 192, 193, 195, 196, 197, 198, 201, 212, 213, 214, 215, 216, 217], "summary": {"covered_lines": 63, "num_statements": 67, "percent_covered": 94.02985074626865, "percent_covered_display": "94", "missing_lines": 4, "excluded_lines": 0}, "missing_lines": [66, 123, 158, 177], "excluded_lines": [], "functions": {"search_schema": {"executed_lines": [23], "summary": {"covered_lines": 1, "num_statements": 1, "percent_covered": 100.0, "percent_covered_display": "100", "missing_lines": 0, "excluded_lines": 0}, "missing_lines": [], "excluded_lines": []}, "load_schema": {"executed_lines": [39, 40, 41, 42], "summary": {"covered_lines": 4, "num_statements": 4, "percent_covered": 100.0, "percent_covered_display": "100", "missing_lines": 0, "excluded_lines": 0}, "missing_lines": [], "excluded_lines": []}, "render_value": {"executed_lines": [65, 67, 69, 70, 73, 74, 76, 79], "summary": {"covered_lines": 8, "num_statements": 9, "percent_covered": 88.88888888888889, "percent_covered_display": "89", "missing_lines": 1, "excluded_lines": 0}, "missing_lines": [66], "excluded_lines": []}, "render_key": {"executed_lines": [94, 99, 100], "summary": {"covered_lines": 3, "num_statements": 3, "percent_covered": 100.0, "percent_covered_display": "100", "missing_lines": 0, "excluded_lines": 0}, "missing_lines": [], "excluded_lines": []}, "render_entry": {"executed_lines": [121, 122, 126, 130, 131, 132, 133, 134, 135, 136, 137, 138, 139], "summary": {"covered_lines": 13, "num_statements": 14, "percent_covered": 92.85714285714286, "percent_covered_display": "93", "missing_lines": 1, "excluded_lines": 0}, "missing_lines": [123], "excluded_lines": []}, "render_raw": {"executed_lines": [157, 160], "summary": {"covered_lines": 2, "num_statements": 3, "percent_covered": 66.66666666666667, "percent_covered_display": "67", "missing_lines": 1, "excluded_lines": 0}, "missing_lines": [158], "excluded_lines": []}, "render_section": {"executed_lines": [176, 179, 181, 183, 185, 186, 187, 188, 190, 191, 192, 193, 195, 196, 197, 198], "summary": {"covered_lines": 16, "num_statements": 17, "percent_covered": 94.11764705882354, "percent_covered_display": "94", "missing_lines": 1, "excluded_lines": 0}, "missing_lines": [177], "excluded_lines": []}, "render": {"executed_lines": [212, 213, 214, 215, 216, 217], "summary": {"covered_lines": 6, "num_statements": 6, "percent_covered": 100.0, "percent_covered_display": "100", "missing_lines": 0, "excluded_lines": 0}, "missing_lines": [], "excluded_lines": []}, "": {"executed_lines": [1, 5, 7, 9, 25, 45, 82, 103, 142, 163, 201], "summary": {"covered_lines": 10, "num_statements": 10, "percent_covered": 100.0, "percent_covered_display": "100", "missing_lines": 0, "excluded_lines": 0}, "missing_lines": [], "excluded_lines": []}}, "classes": {"": {"executed_lines": [1, 5, 7, 9, 23, 25, 39, 40, 41, 42, 45, 65, 67, 69, 70, 73, 74, 76, 79, 82, 94, 99, 100, 103, 121, 122, 126, 130, 131, 132, 133, 134, 135, 136, 137, 138, 139, 142, 157, 160, 163, 176, 179, 181, 183, 185, 186, 187, 188, 190, 191, 192, 193, 195, 196, 197, 198, 201, 212, 213, 214, 215, 216, 217], "summary": {"covered_lines": 63, "num_statements": 67, "percent_covered": 94.02985074626865, "percent_covered_display": "94", "missing_lines": 4, "excluded_lines": 0}, "missing_lines": [66, 123, 158, 177], "excluded_lines": []}}}, "src/templates.py": {"executed_lines": [1, 7, 8, 10, 12, 14, 28, 31, 46, 47, 48, 49, 50, 51, 52, 54, 57, 59, 60, 62, 63, 64, 66, 67, 70, 74, 75, 76, 77, 79, 82, 85, 101, 102, 104, 107, 108, 109, 111, 112, 115, 130, 133, 146, 147, 148, 150, 151, 153, 154, 155, 157, 158, 159, 161, 162, 163, 164, 165, 168, 181, 182, 184, 185, 188, 189, 190], "summary": {"covered_lines": 66, "num_statements": 73, "percent_covered": 90.41095890410959, "percent_covered_display": "90", "missing_lines": 7, "excluded_lines": 0}, "missing_lines": [65, 80, 81, 183, 186, 187, 191], "excluded_lines": [], "functions": {"search_template": {"executed_lines": [28], "summary": {"covered_lines": 1, "num_statements": 1, "percent_covered": 100.0, "percent_covered_display": "100", "missing_lines": 0, "excluded_lines": 0}, "missing_lines": [], "excluded_lines": []}, "load_config": {"executed_lines": [46, 47, 48, 49, 50, 51, 52, 54, 57, 59, 60, 62, 63, 64, 66, 67, 70, 74, 75, 76, 77, 79, 82], "summary": {"covered_lines": 23, "num_statements": 26, "percent_covered": 88.46153846153847, "percent_covered_display": "88", "missing_lines": 3, "excluded_lines": 0}, "missing_lines": [65, 80, 81], "excluded_lines": []}, "render_template": {"executed_lines": [101, 102, 104, 107, 108, 109, 111, 112], "summary": {"covered_lines": 8, "num_statements": 8, "percent_covered": 100.0, "percent_covered_display": "100", "missing_lines": 0, "excluded_lines": 0}, "missing_lines": [], "excluded_lines": []}, "load_template": {"executed_lines": [130], "summary": {"covered_lines": 1, "num_statements": 1, "percent_covered": 100.0, "percent_covered_display": "100", "missing_lines": 0, "excluded_lines": 0}, "missing_lines": [], "excluded_lines": []}, "deep_merge_dicts": {"executed_lines": [146, 147, 148, 150, 151, 153, 154, 155, 157, 158, 159, 161, 162, 163, 164, 165], "summary": {"covered_lines": 16, "num_statements": 16, "percent_covered": 100.0, "percent_covered_display": "100", "missing_lines": 0, "excluded_lines": 0}, "missing_lines": [], "excluded_lines": []}, "validate_template": {"executed_lines": [181, 182, 184, 185, 188, 189, 190], "summary": {"covered_lines": 7, "num_statements": 11, "percent_covered": 63.63636363636363, "percent_covered_display": "64", "missing_lines": 4, "excluded_lines": 0}, "missing_lines": [183, 186, 187, 191], "excluded_lines": []}, "": {"executed_lines": [1, 7, 8, 10, 12, 14, 31, 85, 115, 133, 168], "summary": {"covered_lines": 10, "num_statements": 10, "percent_covered": 100.0, "percent_covered_display": "100", "missing_lines": 0, "excluded_lines": 0}, "missing_lines": [], "excluded_lines": []}}, "classes": {"": {"executed_lines": [1, 7, 8, 10, 12, 14, 28, 31, 46, 47, 48, 49, 50, 51, 52, 54, 57, 59, 60, 62, 63, 64, 66, 67, 70, 74, 75, 76, 77, 79, 82, 85, 101, 102, 104, 107, 108, 109, 111, 112, 115, 130, 133, 146, 147, 148, 150, 151, 153, 154, 155, 157, 158, 159, 161, 162, 163, 164, 165, 168, 181, 182, 184, 185, 188, 189, 190], "summary": {"covered_lines": 66, "num_statements": 73, "percent_covered": 90.41095890410959, "percent_covered_display": "90", "missing_lines": 7, "excluded_lines": 0}, "missing_lines": [65, 80, 81, 183, 186, 187, 191], "excluded_lines": []}}}, "src/validation.py": {"executed_lines": [1, 7, 9, 11, 22, 23, 24, 25, 26, 27, 28, 29, 30, 31, 32, 33, 34, 35, 36, 38, 61, 62, 63, 64, 65, 68, 69, 73, 74, 77, 78, 79, 82, 84, 85, 86, 88, 89, 93, 104, 105, 106, 107, 108, 109, 110, 111, 113, 114, 119, 129, 130, 131, 132, 133, 136, 146, 147, 148, 149, 151, 152, 153, 156, 167, 168, 169, 170, 175, 176, 178, 179, 180, 182, 183, 184, 187, 201, 202, 203, 206, 219, 221, 223, 225, 226, 228, 230, 231, 232, 233, 234, 235, 237, 252, 253, 254, 255, 257, 258], "summary": {"covered_lines": 99, "num_statements": 104, "percent_covered": 95.1923076923077, "percent_covered_display": "95", "missing_lines": 5, "excluded_lines": 0}, "missing_lines": [75, 80, 83, 87, 112], "excluded_lines": [], "functions": {"get_python_type": {"executed_lines": [22, 23, 24, 25, 26, 27, 28, 29, 30, 31, 32, 33, 34, 35, 36], "summary": {"covered_lines": 15, "num_statements": 15, "percent_covered": 100.0, "percent_covered_display": "100", "missing_lines": 0, "excluded_lines": 0}, "missing_lines": [], "excluded_lines": []}, "search_input_file": {"executed_lines": [61, 62, 63, 64, 65, 68, 69, 73, 74, 77, 78, 79, 82, 84, 85, 86, 88, 89], "summary": {"covered_lines": 18, "num_statements": 22, "percent_covered": 81.81818181818181, "percent_covered_display": "82", "missing_lines": 4, "excluded_lines": 0}, "missing_lines": [75, 80, 83, 87], "excluded_lines": []}, "validate_dict_keys": {"executed_lines": [104, 105, 106, 107, 108, 109, 110, 111, 113, 114], "summary": {"covered_lines": 10, "num_statements": 11, "percent_covered": 90.9090909090909, "percent_covered_display": "91", "missing_lines": 1, "excluded_lines": 0}, "missing_lines": [112], "excluded_lines": []}, "get_required_sections": {"executed_lines": [129, 130, 131, 132, 133], "summary": {"covered_lines": 5, "num_statements": 5, "percent_covered": 100.0, "percent_covered_display": "100", "missing_lines": 0, "excluded_lines": 0}, "missing_lines": [], "excluded_lines": []}, "get_key_types": {"executed_lines": [146, 147, 148, 149, 151, 152, 153], "summary": {"covered_lines": 7, "num_statements": 7, "percent_covered": 100.0, "percent_covered_display": "100", "missing_lines": 0, "excluded_lines": 0}, "missing_lines": [], "excluded_lines": []}, "validate_key_types": {"executed_lines": [167, 168, 169, 170, 175, 176, 178, 179, 180, 182, 183, 184], "summary": {"covered_lines": 12, "num_statements": 12, "percent_covered": 100.0, "percent_covered_display": "100", "missing_lines": 0, "excluded_lines": 0}, "missing_lines": [], "excluded_lines": []}, "validate_keys": {"executed_lines": [201, 202, 203], "summary": {"covered_lines": 3, "num_statements": 3, "percent_covered": 100.0, "percent_covered_display": "100", "missing_lines": 0, "excluded_lines": 0}, "missing_lines": [], "excluded_lines": []}, "validate_section": {"executed_lines": [219, 221, 223, 225, 226, 228, 230, 231, 232, 233, 234, 235], "summary": {"covered_lines": 12, "num_statements": 12, "percent_covered": 100.0, "percent_covered_display": "100", "missing_lines": 0, "excluded_lines": 0}, "missing_lines": [], "excluded_lines": []}, "validate_config": {"executed_lines": [252, 253, 254, 255, 257, 258], "summary": {"covered_lines": 6, "num_statements": 6, "percent_covered": 100.0, "percent_covered_display": "100", "missing_lines": 0, "excluded_lines": 0}, "missing_lines": [], "excluded_lines": []}, "": {"executed_lines": [1, 7, 9, 11, 38, 93, 119, 136, 156, 187, 206, 237], "summary": {"covered_lines": 11, "num_statements": 11, "percent_covered": 100.0, "percent_covered_display": "100", "missing_lines": 0, "excluded_lines": 0}, "missing_lines": [], "excluded_lines": []}}, "classes": {"": {"executed_lines": [1, 7, 9, 11, 22, 23, 24, 25, 26, 27, 28, 29, 30, 31, 32, 33, 34, 35, 36, 38, 61, 62, 63, 64, 65, 68, 69, 73, 74, 77, 78, 79, 82, 84, 85, 86, 88, 89, 93, 104, 105, 106, 107, 108, 109, 110, 111, 113, 114, 119, 129, 130, 131, 132, 133, 136, 146, 147, 148, 149, 151, 152, 153, 156, 167, 168, 169, 170, 175, 176, 178, 179, 180, 182, 183, 184, 187, 201, 202, 203, 206, 219, 221, 223, 225, 226, 228, 230, 231, 232, 233, 234, 235, 237, 252, 253, 254, 255, 257, 258], "summary": {"covered_lines": 99, "num_statements": 104, "percent_covered": 95.1923076923077, "percent_covered_display": "95", "missing_lines": 5, "excluded_lines": 0}, "missing_lines": [75, 80, 83, 87, 112], "excluded_lines": []}}}, "tests/test_rendering.py": {"executed_lines": [2, 3, 5, 7, 17, 18, 19, 20, 37, 38, 39, 60, 62, 63, 66, 67, 68, 69, 70, 71, 73, 74, 75, 76, 77, 79, 80, 81, 82, 83, 85, 86, 87, 88, 89, 91, 92, 93, 94, 95, 103, 104, 105, 107, 108, 109, 110, 116, 117, 120, 121, 122, 125, 134, 135, 136, 138, 139, 142, 150, 151, 152, 154, 155, 158, 170, 171, 173, 174, 175, 176, 181, 182, 184, 185, 187, 188, 193, 197, 198, 199, 202, 203, 204, 207, 217, 221, 222, 225, 226, 230, 248, 253, 254, 257, 258, 267, 281, 286, 287, 289, 290, 298, 312, 313, 316, 317, 323, 324, 325, 331, 337, 338, 341, 342, 343, 348, 360, 364, 365, 366, 368, 369, 379, 391, 396, 397, 399, 400, 410, 426, 427, 429], "summary": {"covered_lines": 133, "num_statements": 134, "percent_covered": 99.25373134328358, "percent_covered_display": "99", "missing_lines": 1, "excluded_lines": 0}, "missing_lines": [430], "excluded_lines": [], "functions": {"LoadSchemaTestCase.test_load_schema": {"executed_lines": [19, 20, 37, 38, 39, 60, 62, 63], "summary": {"covered_lines": 8, "num_statements": 8, "percent_covered": 100.0, "percent_covered_display": "100", "missing_lines": 0, "excluded_lines": 0}, "missing_lines": [], "excluded_lines": []}, "RenderValueTestCase.test_render_value_str": {"executed_lines": [68, 69, 70, 71], "summary": {"covered_lines": 4, "num_statements": 4, "percent_covered": 100.0, "percent_covered_display": "100", "missing_lines": 0, "excluded_lines": 0}, "missing_lines": [], "excluded_lines": []}, "RenderValueTestCase.test_render_value_list": {"executed_lines": [74, 75, 76, 77], "summary": {"covered_lines": 4, "num_statements": 4, "percent_covered": 100.0, "percent_covered_display": "100", "missing_lines": 0, "excluded_lines": 0}, "missing_lines": [], "excluded_lines": []}, "RenderValueTestCase.test_render_value_bool": {"executed_lines": [80, 81, 82, 83], "summary": {"covered_lines": 4, "num_statements": 4, "percent_covered": 100.0, "percent_covered_display": "100", "missing_lines": 0, "excluded_lines": 0}, "missing_lines": [], "excluded_lines": []}, "RenderValueTestCase.test_render_value_other": {"executed_lines": [86, 87, 88, 89], "summary": {"covered_lines": 4, "num_statements": 4, "percent_covered": 100.0, "percent_covered_display": "100", "missing_lines": 0, "excluded_lines": 0}, "missing_lines": [], "excluded_lines": []}, "RenderKeyTestCase.test_render_none_typed_key": {"executed_lines": [93, 94, 95, 103, 104, 105], "summary": {"covered_lines": 6, "num_statements": 6, "percent_covered": 100.0, "percent_covered_display": "100", "missing_lines": 0, "excluded_lines": 0}, "missing_lines": [], "excluded_lines": []}, "RenderKeyTestCase.test_render_key_with_missing_required_key": {"executed_lines": [108, 109, 110, 116, 117], "summary": {"covered_lines": 5, "num_statements": 5, "percent_covered": 100.0, "percent_covered_display": "100", "missing_lines": 0, "excluded_lines": 0}, "missing_lines": [], "excluded_lines": []}, "RenderEntryTestCase.test_render_entry": {"executed_lines": [122, 125, 134, 135, 136], "summary": {"covered_lines": 5, "num_statements": 5, "percent_covered": 100.0, "percent_covered_display": "100", "missing_lines": 0, "excluded_lines": 0}, "missing_lines": [], "excluded_lines": []}, "RenderEntryTestCase.test_render_entry_with_list": {"executed_lines": [139, 142, 150, 151, 152], "summary": {"covered_lines": 5, "num_statements": 5, "percent_covered": 100.0, "percent_covered_display": "100", "missing_lines": 0, "excluded_lines": 0}, "missing_lines": [], "excluded_lines": []}, "RenderEntryTestCase.test_render_entry_with_missing_required_key": {"executed_lines": [155, 158, 170, 171], "summary": {"covered_lines": 4, "num_statements": 4, "percent_covered": 100.0, "percent_covered_display": "100", "missing_lines": 0, "excluded_lines": 0}, "missing_lines": [], "excluded_lines": []}, "RenderRawTestCase.test_render_raw_return": {"executed_lines": [175, 176, 181, 182, 184, 185], "summary": {"covered_lines": 6, "num_statements": 6, "percent_covered": 100.0, "percent_covered_display": "100", "missing_lines": 0, "excluded_lines": 0}, "missing_lines": [], "excluded_lines": []}, "RenderRawTestCase.test_render_raw_multiline": {"executed_lines": [188, 193, 197, 198, 199], "summary": {"covered_lines": 5, "num_statements": 5, "percent_covered": 100.0, "percent_covered_display": "100", "missing_lines": 0, "excluded_lines": 0}, "missing_lines": [], "excluded_lines": []}, "RenderSectionTestCase.test_render_section_with_single_none_typed_key": {"executed_lines": [204, 207, 217, 221, 222], "summary": {"covered_lines": 5, "num_statements": 5, "percent_covered": 100.0, "percent_covered_display": "100", "missing_lines": 0, "excluded_lines": 0}, "missing_lines": [], "excluded_lines": []}, "RenderSectionTestCase.test_render_section_with_many_none_typed_keys": {"executed_lines": [226, 230, 248, 253, 254], "summary": {"covered_lines": 5, "num_statements": 5, "percent_covered": 100.0, "percent_covered_display": "100", "missing_lines": 0, "excluded_lines": 0}, "missing_lines": [], "excluded_lines": []}, "RenderSectionTestCase.test_render_section_with_entries": {"executed_lines": [258, 267, 281, 286, 287], "summary": {"covered_lines": 5, "num_statements": 5, "percent_covered": 100.0, "percent_covered_display": "100", "missing_lines": 0, "excluded_lines": 0}, "missing_lines": [], "excluded_lines": []}, "RenderSectionTestCase.test_render_section_with_missing_required_key": {"executed_lines": [290, 298, 312, 313], "summary": {"covered_lines": 4, "num_statements": 4, "percent_covered": 100.0, "percent_covered_display": "100", "missing_lines": 0, "excluded_lines": 0}, "missing_lines": [], "excluded_lines": []}, "RenderSectionTestCase.test_render_section_with_raw_code": {"executed_lines": [317, 323, 324, 325, 331, 337, 338], "summary": {"covered_lines": 7, "num_statements": 7, "percent_covered": 100.0, "percent_covered_display": "100", "missing_lines": 0, "excluded_lines": 0}, "missing_lines": [], "excluded_lines": []}, "RenderTestCase.test_render_with_keys": {"executed_lines": [343, 348, 360, 364, 365, 366], "summary": {"covered_lines": 6, "num_statements": 6, "percent_covered": 100.0, "percent_covered_display": "100", "missing_lines": 0, "excluded_lines": 0}, "missing_lines": [], "excluded_lines": []}, "RenderTestCase.test_render_with_entries": {"executed_lines": [369, 379, 391, 396, 397], "summary": {"covered_lines": 5, "num_statements": 5, "percent_covered": 100.0, "percent_covered_display": "100", "missing_lines": 0, "excluded_lines": 0}, "missing_lines": [], "excluded_lines": []}, "RenderTestCase.test_render_with_missing_required_key": {"executed_lines": [400, 410, 426, 427], "summary": {"covered_lines": 4, "num_statements": 4, "percent_covered": 100.0, "percent_covered_display": "100", "missing_lines": 0, "excluded_lines": 0}, "missing_lines": [], "excluded_lines": []}, "": {"executed_lines": [2, 3, 5, 7, 17, 18, 66, 67, 73, 79, 85, 91, 92, 107, 120, 121, 138, 154, 173, 174, 187, 202, 203, 225, 257, 289, 316, 341, 342, 368, 399, 429], "summary": {"covered_lines": 32, "num_statements": 33, "percent_covered": 96.96969696969697, "percent_covered_display": "97", "missing_lines": 1, "excluded_lines": 0}, "missing_lines": [430], "excluded_lines": []}}, "classes": {"LoadSchemaTestCase": {"executed_lines": [19, 20, 37, 38, 39, 60, 62, 63], "summary": {"covered_lines": 8, "num_statements": 8, "percent_covered": 100.0, "percent_covered_display": "100", "missing_lines": 0, "excluded_lines": 0}, "missing_lines": [], "excluded_lines": []}, "RenderValueTestCase": {"executed_lines": [68, 69, 70, 71, 74, 75, 76, 77, 80, 81, 82, 83, 86, 87, 88, 89], "summary": {"covered_lines": 16, "num_statements": 16, "percent_covered": 100.0, "percent_covered_display": "100", "missing_lines": 0, "excluded_lines": 0}, "missing_lines": [], "excluded_lines": []}, "RenderKeyTestCase": {"executed_lines": [93, 94, 95, 103, 104, 105, 108, 109, 110, 116, 117], "summary": {"covered_lines": 11, "num_statements": 11, "percent_covered": 100.0, "percent_covered_display": "100", "missing_lines": 0, "excluded_lines": 0}, "missing_lines": [], "excluded_lines": []}, "RenderEntryTestCase": {"executed_lines": [122, 125, 134, 135, 136, 139, 142, 150, 151, 152, 155, 158, 170, 171], "summary": {"covered_lines": 14, "num_statements": 14, "percent_covered": 100.0, "percent_covered_display": "100", "missing_lines": 0, "excluded_lines": 0}, "missing_lines": [], "excluded_lines": []}, "RenderRawTestCase": {"executed_lines": [175, 176, 181, 182, 184, 185, 188, 193, 197, 198, 199], "summary": {"covered_lines": 11, "num_statements": 11, "percent_covered": 100.0, "percent_covered_display": "100", "missing_lines": 0, "excluded_lines": 0}, "missing_lines": [], "excluded_lines": []}, "RenderSectionTestCase": {"executed_lines": [204, 207, 217, 221, 222, 226, 230, 248, 253, 254, 258, 267, 281, 286, 287, 290, 298, 312, 313, 317, 323, 324, 325, 331, 337, 338], "summary": {"covered_lines": 26, "num_statements": 26, "percent_covered": 100.0, "percent_covered_display": "100", "missing_lines": 0, "excluded_lines": 0}, "missing_lines": [], "excluded_lines": []}, "RenderTestCase": {"executed_lines": [343, 348, 360, 364, 365, 366, 369, 379, 391, 396, 397, 400, 410, 426, 427], "summary": {"covered_lines": 15, "num_statements": 15, "percent_covered": 100.0, "percent_covered_display": "100", "missing_lines": 0, "excluded_lines": 0}, "missing_lines": [], "excluded_lines": []}, "": {"executed_lines": [2, 3, 5, 7, 17, 18, 66, 67, 73, 79, 85, 91, 92, 107, 120, 121, 138, 154, 173, 174, 187, 202, 203, 225, 257, 289, 316, 341, 342, 368, 399, 429], "summary": {"covered_lines": 32, "num_statements": 33, "percent_covered": 96.96969696969697, "percent_covered_display": "97", "missing_lines": 1, "excluded_lines": 0}, "missing_lines": [430], "excluded_lines": []}}}, "tests/test_template.py": {"executed_lines": [2, 6, 7, 9, 17, 32, 33, 34, 35, 36, 38, 40, 45, 47, 62, 64, 65, 66, 70, 73, 88, 90, 91, 92, 99, 100, 108, 115, 116, 120, 121, 123, 124, 125, 126, 128, 130, 131, 132, 135, 136, 138, 139, 140, 142, 144, 145, 146, 148, 149, 151, 152, 153, 155, 156, 159, 160, 161, 163, 165, 166, 167, 169, 170, 172, 173, 174, 175, 176, 178, 179, 181, 182, 184, 185, 187, 188, 189, 191, 192, 194, 195, 196, 198, 199, 201, 202, 203, 205, 206, 207, 209, 210, 211, 214, 215, 217, 218, 219, 221, 226, 228, 229, 231, 232, 233, 234, 235, 238, 239, 242, 249, 251, 252, 253, 255, 256, 257, 258, 261, 262, 264, 266, 267, 268, 269, 270, 272, 273, 279, 281, 285, 287, 288, 289, 291, 292, 293, 294, 295, 301, 302, 304, 308, 310, 311, 312, 314, 315, 316, 317, 318, 320, 321, 330, 332, 338, 340, 341, 342, 344, 345, 346, 347, 348, 349, 356, 358, 359, 364, 366, 367, 376, 378, 386, 388, 389, 390, 391, 393, 394, 395, 396, 397, 398, 405, 407, 408, 413, 415, 416, 425, 427, 436, 438, 439, 440, 441, 444, 445, 446, 451, 456, 457, 459, 460, 465, 466, 471, 472, 474, 475, 480, 481, 482, 484, 485, 490, 496, 497, 499, 500, 506, 511, 513, 515, 516, 517, 522, 527, 535, 536, 538, 539, 544, 549, 555, 556, 558, 559, 565, 571, 579, 580, 582, 583, 590, 597, 607, 608, 610, 611, 616, 620, 625, 626, 628, 629, 633, 638, 639, 641, 642, 646, 650, 656, 657, 660, 661, 662, 667, 669, 670, 675, 676, 679], "summary": {"covered_lines": 275, "num_statements": 282, "percent_covered": 97.51773049645391, "percent_covered_display": "98", "missing_lines": 7, "excluded_lines": 0}, "missing_lines": [93, 97, 101, 105, 109, 113, 680], "excluded_lines": [], "functions": {"assert_equal_length": {"executed_lines": [32, 33, 34, 35, 36, 38, 40, 45], "summary": {"covered_lines": 8, "num_statements": 8, "percent_covered": 100.0, "percent_covered_display": "100", "missing_lines": 0, "excluded_lines": 0}, "missing_lines": [], "excluded_lines": []}, "compare_lists": {"executed_lines": [62, 64, 65, 66, 70], "summary": {"covered_lines": 5, "num_statements": 5, "percent_covered": 100.0, "percent_covered_display": "100", "missing_lines": 0, "excluded_lines": 0}, "missing_lines": [], "excluded_lines": []}, "assert_equal_dicts": {"executed_lines": [88, 90, 91, 92, 99, 100, 108, 115, 116, 120, 121], "summary": {"covered_lines": 11, "num_statements": 17, "percent_covered": 64.70588235294117, "percent_covered_display": "65", "missing_lines": 6, "excluded_lines": 0}, "missing_lines": [93, 97, 101, 105, 109, 113], "excluded_lines": []}, "TestAuxiliaryFunctions.test_assert_equal_length_true": {"executed_lines": [125, 126, 128], "summary": {"covered_lines": 3, "num_statements": 3, "percent_covered": 100.0, "percent_covered_display": "100", "missing_lines": 0, "excluded_lines": 0}, "missing_lines": [], "excluded_lines": []}, "TestAuxiliaryFunctions.test_assert_equal_length_false": {"executed_lines": [131, 132, 135, 136], "summary": {"covered_lines": 4, "num_statements": 4, "percent_covered": 100.0, "percent_covered_display": "100", "missing_lines": 0, "excluded_lines": 0}, "missing_lines": [], "excluded_lines": []}, "TestAuxiliaryFunctions.test_compare_lists_true": {"executed_lines": [139, 140, 142], "summary": {"covered_lines": 3, "num_statements": 3, "percent_covered": 100.0, "percent_covered_display": "100", "missing_lines": 0, "excluded_lines": 0}, "missing_lines": [], "excluded_lines": []}, "TestAuxiliaryFunctions.test_compare_lists_diff_items": {"executed_lines": [145, 146, 148, 149], "summary": {"covered_lines": 4, "num_statements": 4, "percent_covered": 100.0, "percent_covered_display": "100", "missing_lines": 0, "excluded_lines": 0}, "missing_lines": [], "excluded_lines": []}, "TestAuxiliaryFunctions.test_compare_lists_diff_length": {"executed_lines": [152, 153, 155, 156], "summary": {"covered_lines": 4, "num_statements": 4, "percent_covered": 100.0, "percent_covered_display": "100", "missing_lines": 0, "excluded_lines": 0}, "missing_lines": [], "excluded_lines": []}, "TestAuxiliaryFunctions.test_assert_equal_dicts_true": {"executed_lines": [160, 161, 163], "summary": {"covered_lines": 3, "num_statements": 3, "percent_covered": 100.0, "percent_covered_display": "100", "missing_lines": 0, "excluded_lines": 0}, "missing_lines": [], "excluded_lines": []}, "TestAuxiliaryFunctions.test_assert_equal_dicts_false": {"executed_lines": [166, 167, 169, 170], "summary": {"covered_lines": 4, "num_statements": 4, "percent_covered": 100.0, "percent_covered_display": "100", "missing_lines": 0, "excluded_lines": 0}, "missing_lines": [], "excluded_lines": []}, "TestSearchTemplate.test_search_template_leaf_template": {"executed_lines": [174, 175, 176, 178, 179, 181, 182], "summary": {"covered_lines": 7, "num_statements": 7, "percent_covered": 100.0, "percent_covered_display": "100", "missing_lines": 0, "excluded_lines": 0}, "missing_lines": [], "excluded_lines": []}, "TestSearchTemplate.test_search_template_same_dir_as_template": {"executed_lines": [185, 187, 188, 189, 191, 192, 194, 195, 196], "summary": {"covered_lines": 9, "num_statements": 9, "percent_covered": 100.0, "percent_covered_display": "100", "missing_lines": 0, "excluded_lines": 0}, "missing_lines": [], "excluded_lines": []}, "TestSearchTemplate.test_search_template_env_var": {"executed_lines": [199, 201, 202, 203, 205, 206, 207, 209, 210, 211], "summary": {"covered_lines": 10, "num_statements": 10, "percent_covered": 100.0, "percent_covered_display": "100", "missing_lines": 0, "excluded_lines": 0}, "missing_lines": [], "excluded_lines": []}, "TestLoadConfig.test_load_config_leaf_template": {"executed_lines": [217, 218, 219, 221, 226, 228, 229], "summary": {"covered_lines": 7, "num_statements": 7, "percent_covered": 100.0, "percent_covered_display": "100", "missing_lines": 0, "excluded_lines": 0}, "missing_lines": [], "excluded_lines": []}, "TestLoadConfig.test_load_config_parent_template": {"executed_lines": [232, 233, 234, 235, 238, 239, 242, 249, 251, 252, 253], "summary": {"covered_lines": 11, "num_statements": 11, "percent_covered": 100.0, "percent_covered_display": "100", "missing_lines": 0, "excluded_lines": 0}, "missing_lines": [], "excluded_lines": []}, "TestLoadConfig.test_load_config_invalid_template": {"executed_lines": [256, 257, 258, 261, 262, 264], "summary": {"covered_lines": 6, "num_statements": 6, "percent_covered": 100.0, "percent_covered_display": "100", "missing_lines": 0, "excluded_lines": 0}, "missing_lines": [], "excluded_lines": []}, "TestLoadConfig.test_load_config_with_template_args": {"executed_lines": [267, 268, 269, 270, 272, 273, 279, 281, 285, 287, 288, 289], "summary": {"covered_lines": 12, "num_statements": 12, "percent_covered": 100.0, "percent_covered_display": "100", "missing_lines": 0, "excluded_lines": 0}, "missing_lines": [], "excluded_lines": []}, "TestLoadConfig.test_load_config_without_template_args": {"executed_lines": [292, 293, 294, 295, 301, 302, 304, 308, 310, 311, 312], "summary": {"covered_lines": 11, "num_statements": 11, "percent_covered": 100.0, "percent_covered_display": "100", "missing_lines": 0, "excluded_lines": 0}, "missing_lines": [], "excluded_lines": []}, "TestLoadConfig.test_load_config_with_repeated_template_args": {"executed_lines": [315, 316, 317, 318, 320, 321, 330, 332, 338, 340, 341, 342], "summary": {"covered_lines": 12, "num_statements": 12, "percent_covered": 100.0, "percent_covered_display": "100", "missing_lines": 0, "excluded_lines": 0}, "missing_lines": [], "excluded_lines": []}, "TestLoadConfig.test_load_config_with_template_overwrite": {"executed_lines": [345, 346, 347, 348, 349, 356, 358, 359, 364, 366, 367, 376, 378, 386, 388, 389, 390, 391], "summary": {"covered_lines": 18, "num_statements": 18, "percent_covered": 100.0, "percent_covered_display": "100", "missing_lines": 0, "excluded_lines": 0}, "missing_lines": [], "excluded_lines": []}, "TestLoadConfig.test_load_config_with_template_overwrite_false": {"executed_lines": [394, 395, 396, 397, 398, 405, 407, 408, 413, 415, 416, 425, 427, 436, 438, 439, 440, 441], "summary": {"covered_lines": 18, "num_statements": 18, "percent_covered": 100.0, "percent_covered_display": "100", "missing_lines": 0, "excluded_lines": 0}, "missing_lines": [], "excluded_lines": []}, "TestRenderTemplate.test_render_template_no_args": {"executed_lines": [446, 451, 456, 457], "summary": {"covered_lines": 4, "num_statements": 4, "percent_covered": 100.0, "percent_covered_display": "100", "missing_lines": 0, "excluded_lines": 0}, "missing_lines": [], "excluded_lines": []}, "TestRenderTemplate.test_render_template_with_args": {"executed_lines": [460, 465, 466, 471, 472], "summary": {"covered_lines": 5, "num_statements": 5, "percent_covered": 100.0, "percent_covered_display": "100", "missing_lines": 0, "excluded_lines": 0}, "missing_lines": [], "excluded_lines": []}, "TestRenderTemplate.test_render_template_with_missing_args": {"executed_lines": [475, 480, 481, 482], "summary": {"covered_lines": 4, "num_statements": 4, "percent_covered": 100.0, "percent_covered_display": "100", "missing_lines": 0, "excluded_lines": 0}, "missing_lines": [], "excluded_lines": []}, "TestRenderTemplate.test_render_template_without_its_args": {"executed_lines": [485, 490, 496, 497], "summary": {"covered_lines": 4, "num_statements": 4, "percent_covered": 100.0, "percent_covered_display": "100", "missing_lines": 0, "excluded_lines": 0}, "missing_lines": [], "excluded_lines": []}, "TestRenderTemplate.test_render_template_without_args_brief": {"executed_lines": [500, 506, 511, 513], "summary": {"covered_lines": 4, "num_statements": 4, "percent_covered": 100.0, "percent_covered_display": "100", "missing_lines": 0, "excluded_lines": 0}, "missing_lines": [], "excluded_lines": []}, "TestDeepMergeDicts.test_deep_merge_dicts_no_conflicts": {"executed_lines": [517, 522, 527, 535, 536], "summary": {"covered_lines": 5, "num_statements": 5, "percent_covered": 100.0, "percent_covered_display": "100", "missing_lines": 0, "excluded_lines": 0}, "missing_lines": [], "excluded_lines": []}, "TestDeepMergeDicts.test_deep_merge_dicts_with_conflicts": {"executed_lines": [539, 544, 549, 555, 556], "summary": {"covered_lines": 5, "num_statements": 5, "percent_covered": 100.0, "percent_covered_display": "100", "missing_lines": 0, "excluded_lines": 0}, "missing_lines": [], "excluded_lines": []}, "TestDeepMergeDicts.test_deep_merge_dicts_with_nested_dicts": {"executed_lines": [559, 565, 571, 579, 580], "summary": {"covered_lines": 5, "num_statements": 5, "percent_covered": 100.0, "percent_covered_display": "100", "missing_lines": 0, "excluded_lines": 0}, "missing_lines": [], "excluded_lines": []}, "TestDeepMergeDicts.test_deep_merge_dicts_with_dict_list": {"executed_lines": [583, 590, 597, 607, 608], "summary": {"covered_lines": 5, "num_statements": 5, "percent_covered": 100.0, "percent_covered_display": "100", "missing_lines": 0, "excluded_lines": 0}, "missing_lines": [], "excluded_lines": []}, "TestDeepMergeDicts.test_deep_merge_dicts_with_list": {"executed_lines": [611, 616, 620, 625, 626], "summary": {"covered_lines": 5, "num_statements": 5, "percent_covered": 100.0, "percent_covered_display": "100", "missing_lines": 0, "excluded_lines": 0}, "missing_lines": [], "excluded_lines": []}, "TestDeepMergeDicts.test_deep_merge_dicts_with_incompatible_types": {"executed_lines": [629, 633, 638, 639], "summary": {"covered_lines": 4, "num_statements": 4, "percent_covered": 100.0, "percent_covered_display": "100", "missing_lines": 0, "excluded_lines": 0}, "missing_lines": [], "excluded_lines": []}, "TestDeepMergeDicts.test_deep_merge_dicts_with_overwrite": {"executed_lines": [642, 646, 650, 656, 657], "summary": {"covered_lines": 5, "num_statements": 5, "percent_covered": 100.0, "percent_covered_display": "100", "missing_lines": 0, "excluded_lines": 0}, "missing_lines": [], "excluded_lines": []}, "TestValidateTemplate.test_validate_valid_template": {"executed_lines": [662, 667], "summary": {"covered_lines": 2, "num_statements": 2, "percent_covered": 100.0, "percent_covered_display": "100", "missing_lines": 0, "excluded_lines": 0}, "missing_lines": [], "excluded_lines": []}, "TestValidateTemplate.test_validate_invalid_template": {"executed_lines": [670, 675, 676], "summary": {"covered_lines": 3, "num_statements": 3, "percent_covered": 100.0, "percent_covered_display": "100", "missing_lines": 0, "excluded_lines": 0}, "missing_lines": [], "excluded_lines": []}, "": {"executed_lines": [2, 6, 7, 9, 17, 47, 73, 123, 124, 130, 138, 144, 151, 159, 165, 172, 173, 184, 198, 214, 215, 231, 255, 266, 291, 314, 344, 393, 444, 445, 459, 474, 484, 499, 515, 516, 538, 558, 582, 610, 628, 641, 660, 661, 669, 679], "summary": {"covered_lines": 45, "num_statements": 46, "percent_covered": 97.82608695652173, "percent_covered_display": "98", "missing_lines": 1, "excluded_lines": 0}, "missing_lines": [680], "excluded_lines": []}}, "classes": {"TestAuxiliaryFunctions": {"executed_lines": [125, 126, 128, 131, 132, 135, 136, 139, 140, 142, 145, 146, 148, 149, 152, 153, 155, 156, 160, 161, 163, 166, 167, 169, 170], "summary": {"covered_lines": 25, "num_statements": 25, "percent_covered": 100.0, "percent_covered_display": "100", "missing_lines": 0, "excluded_lines": 0}, "missing_lines": [], "excluded_lines": []}, "TestSearchTemplate": {"executed_lines": [174, 175, 176, 178, 179, 181, 182, 185, 187, 188, 189, 191, 192, 194, 195, 196, 199, 201, 202, 203, 205, 206, 207, 209, 210, 211], "summary": {"covered_lines": 26, "num_statements": 26, "percent_covered": 100.0, "percent_covered_display": "100", "missing_lines": 0, "excluded_lines": 0}, "missing_lines": [], "excluded_lines": []}, "TestLoadConfig": {"executed_lines": [217, 218, 219, 221, 226, 228, 229, 232, 233, 234, 235, 238, 239, 242, 249, 251, 252, 253, 256, 257, 258, 261, 262, 264, 267, 268, 269, 270, 272, 273, 279, 281, 285, 287, 288, 289, 292, 293, 294, 295, 301, 302, 304, 308, 310, 311, 312, 315, 316, 317, 318, 320, 321, 330, 332, 338, 340, 341, 342, 345, 346, 347, 348, 349, 356, 358, 359, 364, 366, 367, 376, 378, 386, 388, 389, 390, 391, 394, 395, 396, 397, 398, 405, 407, 408, 413, 415, 416, 425, 427, 436, 438, 439, 440, 441], "summary": {"covered_lines": 95, "num_statements": 95, "percent_covered": 100.0, "percent_covered_display": "100", "missing_lines": 0, "excluded_lines": 0}, "missing_lines": [], "excluded_lines": []}, "TestRenderTemplate": {"executed_lines": [446, 451, 456, 457, 460, 465, 466, 471, 472, 475, 480, 481, 482, 485, 490, 496, 497, 500, 506, 511, 513], "summary": {"covered_lines": 21, "num_statements": 21, "percent_covered": 100.0, "percent_covered_display": "100", "missing_lines": 0, "excluded_lines": 0}, "missing_lines": [], "excluded_lines": []}, "TestDeepMergeDicts": {"executed_lines": [517, 522, 527, 535, 536, 539, 544, 549, 555, 556, 559, 565, 571, 579, 580, 583, 590, 597, 607, 608, 611, 616, 620, 625, 626, 629, 633, 638, 639, 642, 646, 650, 656, 657], "summary": {"covered_lines": 34, "num_statements": 34, "percent_covered": 100.0, "percent_covered_display": "100", "missing_lines": 0, "excluded_lines": 0}, "missing_lines": [], "excluded_lines": []}, "TestValidateTemplate": {"executed_lines": [662, 667, 670, 675, 676], "summary": {"covered_lines": 5, "num_statements": 5, "percent_covered": 100.0, "percent_covered_display": "100", "missing_lines": 0, "excluded_lines": 0}, "missing_lines": [], "excluded_lines": []}, "": {"executed_lines": [2, 6, 7, 9, 17, 32, 33, 34, 35, 36, 38, 40, 45, 47, 62, 64, 65, 66, 70, 73, 88, 90, 91, 92, 99, 100, 108, 115, 116, 120, 121, 123, 124, 130, 138, 144, 151, 159, 165, 172, 173, 184, 198, 214, 215, 231, 255, 266, 291, 314, 344, 393, 444, 445, 459, 474, 484, 499, 515, 516, 538, 558, 582, 610, 628, 641, 660, 661, 669, 679], "summary": {"covered_lines": 69, "num_statements": 76, "percent_covered": 90.78947368421052, "percent_covered_display": "91", "missing_lines": 7, "excluded_lines": 0}, "missing_lines": [93, 97, 101, 105, 109, 113, 680], "excluded_lines": []}}}, "tests/test_validation.py": {"executed_lines": [2, 4, 15, 16, 17, 18, 19, 20, 21, 22, 23, 24, 25, 26, 28, 29, 30, 32, 33, 34, 40, 42, 43, 48, 49, 51, 52, 60, 62, 63, 68, 70, 71, 76, 77, 79, 80, 81, 97, 98, 99, 101, 102, 118, 119, 120, 123, 124, 125, 131, 136, 137, 139, 140, 144, 148, 149, 152, 153, 154, 160, 166, 168, 169, 175, 181, 183, 184, 190, 196, 197, 200, 201, 207, 212, 213, 215, 216, 222, 229, 230, 233, 234, 235, 239, 247, 249, 250, 254, 262, 264, 265, 269, 276, 277, 279, 280, 284, 291, 292, 295, 296, 297, 301, 309, 311, 312, 316, 324, 326, 327, 330, 335, 337, 338, 342, 349, 350, 352, 353, 357, 365, 366, 368, 369, 372, 376, 377, 379, 380, 381, 385, 386, 388, 389, 390, 408, 419, 421, 422, 440, 446, 448, 449, 467, 473, 474, 476], "summary": {"covered_lines": 148, "num_statements": 149, "percent_covered": 99.32885906040268, "percent_covered_display": "99", "missing_lines": 1, "excluded_lines": 0}, "missing_lines": [477], "excluded_lines": [], "functions": {"TestValidationGetPythonType.test_get_python_type": {"executed_lines": [17, 18, 19, 20, 21, 22, 23, 24, 25, 26], "summary": {"covered_lines": 10, "num_statements": 10, "percent_covered": 100.0, "percent_covered_display": "100", "missing_lines": 0, "excluded_lines": 0}, "missing_lines": [], "excluded_lines": []}, "TestValidationGetPythonType.test_get_python_type_invalid": {"executed_lines": [29, 30], "summary": {"covered_lines": 2, "num_statements": 2, "percent_covered": 100.0, "percent_covered_display": "100", "missing_lines": 0, "excluded_lines": 0}, "missing_lines": [], "excluded_lines": []}, "TestValidationValidateDictKeys.test_validate_dict_keys_valid": {"executed_lines": [34, 40], "summary": {"covered_lines": 2, "num_statements": 2, "percent_covered": 100.0, "percent_covered_display": "100", "missing_lines": 0, "excluded_lines": 0}, "missing_lines": [], "excluded_lines": []}, "TestValidationValidateDictKeys.test_validate_dict_keys_invalid": {"executed_lines": [43, 48, 49], "summary": {"covered_lines": 3, "num_statements": 3, "percent_covered": 100.0, "percent_covered_display": "100", "missing_lines": 0, "excluded_lines": 0}, "missing_lines": [], "excluded_lines": []}, "TestValidationValidateDictKeys.test_validate_dict_keys_nested": {"executed_lines": [52, 60], "summary": {"covered_lines": 2, "num_statements": 2, "percent_covered": 100.0, "percent_covered_display": "100", "missing_lines": 0, "excluded_lines": 0}, "missing_lines": [], "excluded_lines": []}, "TestValidationValidateDictKeys.test_validate_dict_keys_with_list": {"executed_lines": [63, 68], "summary": {"covered_lines": 2, "num_statements": 2, "percent_covered": 100.0, "percent_covered_display": "100", "missing_lines": 0, "excluded_lines": 0}, "missing_lines": [], "excluded_lines": []}, "TestValidationValidateDictKeys.test_validate_dict_keys_invalid_value": {"executed_lines": [71, 76, 77], "summary": {"covered_lines": 3, "num_statements": 3, "percent_covered": 100.0, "percent_covered_display": "100", "missing_lines": 0, "excluded_lines": 0}, "missing_lines": [], "excluded_lines": []}, "TestValidationGetRequiredSections.test_get_required_sections": {"executed_lines": [81, 97, 98, 99], "summary": {"covered_lines": 4, "num_statements": 4, "percent_covered": 100.0, "percent_covered_display": "100", "missing_lines": 0, "excluded_lines": 0}, "missing_lines": [], "excluded_lines": []}, "TestValidationGetRequiredSections.test_get_required_sections_no_required_sections": {"executed_lines": [102, 118, 119, 120], "summary": {"covered_lines": 4, "num_statements": 4, "percent_covered": 100.0, "percent_covered_display": "100", "missing_lines": 0, "excluded_lines": 0}, "missing_lines": [], "excluded_lines": []}, "TestValidationGetKeyTypes.test_get_key_types_complete": {"executed_lines": [125, 131, 136, 137], "summary": {"covered_lines": 4, "num_statements": 4, "percent_covered": 100.0, "percent_covered_display": "100", "missing_lines": 0, "excluded_lines": 0}, "missing_lines": [], "excluded_lines": []}, "TestValidationGetKeyTypes.test_get_key_types_missing_type": {"executed_lines": [140, 144, 148, 149], "summary": {"covered_lines": 4, "num_statements": 4, "percent_covered": 100.0, "percent_covered_display": "100", "missing_lines": 0, "excluded_lines": 0}, "missing_lines": [], "excluded_lines": []}, "TestValidationValidateKeyTypes.test_validate_key_types_valid": {"executed_lines": [154, 160, 166], "summary": {"covered_lines": 3, "num_statements": 3, "percent_covered": 100.0, "percent_covered_display": "100", "missing_lines": 0, "excluded_lines": 0}, "missing_lines": [], "excluded_lines": []}, "TestValidationValidateKeyTypes.test_validate_key_types_with_none": {"executed_lines": [169, 175, 181], "summary": {"covered_lines": 3, "num_statements": 3, "percent_covered": 100.0, "percent_covered_display": "100", "missing_lines": 0, "excluded_lines": 0}, "missing_lines": [], "excluded_lines": []}, "TestValidationValidateKeyTypes.test_validate_key_types_invalid": {"executed_lines": [184, 190, 196, 197], "summary": {"covered_lines": 4, "num_statements": 4, "percent_covered": 100.0, "percent_covered_display": "100", "missing_lines": 0, "excluded_lines": 0}, "missing_lines": [], "excluded_lines": []}, "TestValidationValidateKeyTypes.test_validate_key_types_missing_key": {"executed_lines": [201, 207, 212, 213], "summary": {"covered_lines": 4, "num_statements": 4, "percent_covered": 100.0, "percent_covered_display": "100", "missing_lines": 0, "excluded_lines": 0}, "missing_lines": [], "excluded_lines": []}, "TestValidationValidateKeyTypes.test_validate_key_types_extra_key": {"executed_lines": [216, 222, 229, 230], "summary": {"covered_lines": 4, "num_statements": 4, "percent_covered": 100.0, "percent_covered_display": "100", "missing_lines": 0, "excluded_lines": 0}, "missing_lines": [], "excluded_lines": []}, "TestValidationValidateKeys.test_validate_keys_valid_section": {"executed_lines": [235, 239, 247], "summary": {"covered_lines": 3, "num_statements": 3, "percent_covered": 100.0, "percent_covered_display": "100", "missing_lines": 0, "excluded_lines": 0}, "missing_lines": [], "excluded_lines": []}, "TestValidationValidateKeys.test_validate_keys_valid_entry": {"executed_lines": [250, 254, 262], "summary": {"covered_lines": 3, "num_statements": 3, "percent_covered": 100.0, "percent_covered_display": "100", "missing_lines": 0, "excluded_lines": 0}, "missing_lines": [], "excluded_lines": []}, "TestValidationValidateKeys.test_validate_keys_invalid_section": {"executed_lines": [265, 269, 276, 277], "summary": {"covered_lines": 4, "num_statements": 4, "percent_covered": 100.0, "percent_covered_display": "100", "missing_lines": 0, "excluded_lines": 0}, "missing_lines": [], "excluded_lines": []}, "TestValidationValidateKeys.test_validate_keys_invalid_entry": {"executed_lines": [280, 284, 291, 292], "summary": {"covered_lines": 4, "num_statements": 4, "percent_covered": 100.0, "percent_covered_display": "100", "missing_lines": 0, "excluded_lines": 0}, "missing_lines": [], "excluded_lines": []}, "TestValidationValidateSection.test_validate_section_valid_keys_only": {"executed_lines": [297, 301, 309], "summary": {"covered_lines": 3, "num_statements": 3, "percent_covered": 100.0, "percent_covered_display": "100", "missing_lines": 0, "excluded_lines": 0}, "missing_lines": [], "excluded_lines": []}, "TestValidationValidateSection.test_validate_section_valid_entries_only": {"executed_lines": [312, 316, 324], "summary": {"covered_lines": 3, "num_statements": 3, "percent_covered": 100.0, "percent_covered_display": "100", "missing_lines": 0, "excluded_lines": 0}, "missing_lines": [], "excluded_lines": []}, "TestValidationValidateSection.test_validate_section_valid_raw_only": {"executed_lines": [327, 330, 335], "summary": {"covered_lines": 3, "num_statements": 3, "percent_covered": 100.0, "percent_covered_display": "100", "missing_lines": 0, "excluded_lines": 0}, "missing_lines": [], "excluded_lines": []}, "TestValidationValidateSection.test_validate_section_invalid_keys_only": {"executed_lines": [338, 342, 349, 350], "summary": {"covered_lines": 4, "num_statements": 4, "percent_covered": 100.0, "percent_covered_display": "100", "missing_lines": 0, "excluded_lines": 0}, "missing_lines": [], "excluded_lines": []}, "TestValidationValidateSection.test_validate_section_invalid_entries_only": {"executed_lines": [353, 357, 365, 366], "summary": {"covered_lines": 4, "num_statements": 4, "percent_covered": 100.0, "percent_covered_display": "100", "missing_lines": 0, "excluded_lines": 0}, "missing_lines": [], "excluded_lines": []}, "TestValidationValidateSection.test_validate_section_invalid_raw_only": {"executed_lines": [369, 372, 376, 377], "summary": {"covered_lines": 4, "num_statements": 4, "percent_covered": 100.0, "percent_covered_display": "100", "missing_lines": 0, "excluded_lines": 0}, "missing_lines": [], "excluded_lines": []}, "TestValidationValidateSection.test_validate_section_missing_required_raw": {"executed_lines": [380, 381, 385, 386], "summary": {"covered_lines": 4, "num_statements": 4, "percent_covered": 100.0, "percent_covered_display": "100", "missing_lines": 0, "excluded_lines": 0}, "missing_lines": [], "excluded_lines": []}, "TestValidationValidateConfig.test_validate_config": {"executed_lines": [390, 408, 419], "summary": {"covered_lines": 3, "num_statements": 3, "percent_covered": 100.0, "percent_covered_display": "100", "missing_lines": 0, "excluded_lines": 0}, "missing_lines": [], "excluded_lines": []}, "TestValidationValidateConfig.test_validate_config_missing_non_required_section": {"executed_lines": [422, 440, 446], "summary": {"covered_lines": 3, "num_statements": 3, "percent_covered": 100.0, "percent_covered_display": "100", "missing_lines": 0, "excluded_lines": 0}, "missing_lines": [], "excluded_lines": []}, "TestValidationValidateConfig.test_validate_config_missing_required_section": {"executed_lines": [449, 467, 473, 474], "summary": {"covered_lines": 4, "num_statements": 4, "percent_covered": 100.0, "percent_covered_display": "100", "missing_lines": 0, "excluded_lines": 0}, "missing_lines": [], "excluded_lines": []}, "": {"executed_lines": [2, 4, 15, 16, 28, 32, 33, 42, 51, 62, 70, 79, 80, 101, 123, 124, 139, 152, 153, 168, 183, 200, 215, 233, 234, 249, 264, 279, 295, 296, 311, 326, 337, 352, 368, 379, 388, 389, 421, 448, 476], "summary": {"covered_lines": 41, "num_statements": 42, "percent_covered": 97.61904761904762, "percent_covered_display": "98", "missing_lines": 1, "excluded_lines": 0}, "missing_lines": [477], "excluded_lines": []}}, "classes": {"TestValidationGetPythonType": {"executed_lines": [17, 18, 19, 20, 21, 22, 23, 24, 25, 26, 29, 30], "summary": {"covered_lines": 12, "num_statements": 12, "percent_covered": 100.0, "percent_covered_display": "100", "missing_lines": 0, "excluded_lines": 0}, "missing_lines": [], "excluded_lines": []}, "TestValidationValidateDictKeys": {"executed_lines": [34, 40, 43, 48, 49, 52, 60, 63, 68, 71, 76, 77], "summary": {"covered_lines": 12, "num_statements": 12, "percent_covered": 100.0, "percent_covered_display": "100", "missing_lines": 0, "excluded_lines": 0}, "missing_lines": [], "excluded_lines": []}, "TestValidationGetRequiredSections": {"executed_lines": [81, 97, 98, 99, 102, 118, 119, 120], "summary": {"covered_lines": 8, "num_statements": 8, "percent_covered": 100.0, "percent_covered_display": "100", "missing_lines": 0, "excluded_lines": 0}, "missing_lines": [], "excluded_lines": []}, "TestValidationGetKeyTypes": {"executed_lines": [125, 131, 136, 137, 140, 144, 148, 149], "summary": {"covered_lines": 8, "num_statements": 8, "percent_covered": 100.0, "percent_covered_display": "100", "missing_lines": 0, "excluded_lines": 0}, "missing_lines": [], "excluded_lines": []}, "TestValidationValidateKeyTypes": {"executed_lines": [154, 160, 166, 169, 175, 181, 184, 190, 196, 197, 201, 207, 212, 213, 216, 222, 229, 230], "summary": {"covered_lines": 18, "num_statements": 18, "percent_covered": 100.0, "percent_covered_display": "100", "missing_lines": 0, "excluded_lines": 0}, "missing_lines": [], "excluded_lines": []}, "TestValidationValidateKeys": {"executed_lines": [235, 239, 247, 250, 254, 262, 265, 269, 276, 277, 280, 284, 291, 292], "summary": {"covered_lines": 14, "num_statements": 14, "percent_covered": 100.0, "percent_covered_display": "100", "missing_lines": 0, "excluded_lines": 0}, "missing_lines": [], "excluded_lines": []}, "TestValidationValidateSection": {"executed_lines": [297, 301, 309, 312, 316, 324, 327, 330, 335, 338, 342, 349, 350, 353, 357, 365, 366, 369, 372, 376, 377, 380, 381, 385, 386], "summary": {"covered_lines": 25, "num_statements": 25, "percent_covered": 100.0, "percent_covered_display": "100", "missing_lines": 0, "excluded_lines": 0}, "missing_lines": [], "excluded_lines": []}, "TestValidationValidateConfig": {"executed_lines": [390, 408, 419, 422, 440, 446, 449, 467, 473, 474], "summary": {"covered_lines": 10, "num_statements": 10, "percent_covered": 100.0, "percent_covered_display": "100", "missing_lines": 0, "excluded_lines": 0}, "missing_lines": [], "excluded_lines": []}, "": {"executed_lines": [2, 4, 15, 16, 28, 32, 33, 42, 51, 62, 70, 79, 80, 101, 123, 124, 139, 152, 153, 168, 183, 200, 215, 233, 234, 249, 264, 279, 295, 296, 311, 326, 337, 352, 368, 379, 388, 389, 421, 448, 476], "summary": {"covered_lines": 41, "num_statements": 42, "percent_covered": 97.61904761904762, "percent_covered_display": "98", "missing_lines": 1, "excluded_lines": 0}, "missing_lines": [477], "excluded_lines": []}}}, "tests/test_yamelinno.py": {"executed_lines": [1, 5, 7, 9, 10, 11, 12, 14, 15, 16, 18, 19, 20, 22], "summary": {"covered_lines": 13, "num_statements": 14, "percent_covered": 92.85714285714286, "percent_covered_display": "93", "missing_lines": 1, "excluded_lines": 0}, "missing_lines": [23], "excluded_lines": [], "functions": {"TestMain.test_main": {"executed_lines": [11, 12], "summary": {"covered_lines": 2, "num_statements": 2, "percent_covered": 100.0, "percent_covered_display": "100", "missing_lines": 0, "excluded_lines": 0}, "missing_lines": [], "excluded_lines": []}, "TestMain.test_main_invalid": {"executed_lines": [15, 16], "summary": {"covered_lines": 2, "num_statements": 2, "percent_covered": 100.0, "percent_covered_display": "100", "missing_lines": 0, "excluded_lines": 0}, "missing_lines": [], "excluded_lines": []}, "TestMain.test_main_invalid_input": {"executed_lines": [19, 20], "summary": {"covered_lines": 2, "num_statements": 2, "percent_covered": 100.0, "percent_covered_display": "100", "missing_lines": 0, "excluded_lines": 0}, "missing_lines": [], "excluded_lines": []}, "": {"executed_lines": [1, 5, 7, 9, 10, 14, 18, 22], "summary": {"covered_lines": 7, "num_statements": 8, "percent_covered": 87.5, "percent_covered_display": "88", "missing_lines": 1, "excluded_lines": 0}, "missing_lines": [23], "excluded_lines": []}}, "classes": {"TestMain": {"executed_lines": [11, 12, 15, 16, 19, 20], "summary": {"covered_lines": 6, "num_statements": 6, "percent_covered": 100.0, "percent_covered_display": "100", "missing_lines": 0, "excluded_lines": 0}, "missing_lines": [], "excluded_lines": []}, "": {"executed_lines": [1, 5, 7, 9, 10, 14, 18, 22], "summary": {"covered_lines": 7, "num_statements": 8, "percent_covered": 87.5, "percent_covered_display": "88", "missing_lines": 1, "excluded_lines": 0}, "missing_lines": [23], "excluded_lines": []}}}, "yamelinno.py": {"executed_lines": [2, 6, 7, 9, 10, 11, 13, 20, 24, 25, 31, 36, 41, 44, 45, 55, 61, 73], "summary": {"covered_lines": 17, "num_statements": 29, "percent_covered": 58.62068965517241, "percent_covered_display": "59", "missing_lines": 12, "excluded_lines": 0}, "missing_lines": [48, 50, 52, 62, 63, 64, 65, 67, 68, 70, 71, 74], "excluded_lines": [], "functions": {"get_startup_configurations": {"executed_lines": [20, 24, 25, 31, 36, 41, 44, 45], "summary": {"covered_lines": 8, "num_statements": 11, "percent_covered": 72.72727272727273, "percent_covered_display": "73", "missing_lines": 3, "excluded_lines": 0}, "missing_lines": [48, 50, 52], "excluded_lines": []}, "main": {"executed_lines": [61], "summary": {"covered_lines": 1, "num_statements": 9, "percent_covered": 11.11111111111111, "percent_covered_display": "11", "missing_lines": 8, "excluded_lines": 0}, "missing_lines": [62, 63, 64, 65, 67, 68, 70, 71], "excluded_lines": []}, "": {"executed_lines": [2, 6, 7, 9, 10, 11, 13, 55, 73], "summary": {"covered_lines": 8, "num_statements": 9, "percent_covered": 88.88888888888889, "percent_covered_display": "89", "missing_lines": 1, "excluded_lines": 0}, "missing_lines": [74], "excluded_lines": []}}, "classes": {"": {"executed_lines": [2, 6, 7, 9, 10, 11, 13, 20, 24, 25, 31, 36, 41, 44, 45, 55, 61, 73], "summary": {"covered_lines": 17, "num_statements": 29, "percent_covered": 58.62068965517241, "percent_covered_display": "59", "missing_lines": 12, "excluded_lines": 0}, "missing_lines": [48, 50, 52, 62, 63, 64, 65, 67, 68, 70, 71, 74], "excluded_lines": []}}}}, "totals": {"covered_lines": 814, "num_statements": 852, "percent_covered": 95.53990610328638, "percent_covered_display": "96", "missing_lines": 38, "excluded_lines": 0}}