{"meta": {"format": 2, "version": "7.5.4", "timestamp": "2024-07-09T00:33:46.126971", "branch_coverage": false, "show_contexts": false}, "files": {"src/rendering.py": {"executed_lines": [1, 6, 8, 22, 23, 24, 27, 47, 49, 51, 52, 55, 56, 58, 61, 64, 76, 81, 82, 85, 103, 104, 108, 112, 113, 114, 115, 116, 117, 118, 119, 120, 121, 124, 139, 142, 145, 158, 161, 163, 165, 167, 168, 169, 170, 172, 173, 174, 175, 177, 178, 179, 180, 183, 194, 195, 196, 197, 198, 199], "summary": {"covered_lines": 59, "num_statements": 63, "percent_covered": 93.65079365079364, "percent_covered_display": "94", "missing_lines": 4, "excluded_lines": 0}, "missing_lines": [48, 105, 140, 159], "excluded_lines": []}, "src/templates.py": {"executed_lines": [1, 8, 10, 24, 25, 27, 30, 32, 33, 35, 36, 37, 39, 40, 41, 42, 43, 44, 45, 48, 64, 65, 66, 67, 70, 73, 88, 90, 91, 93, 95, 97, 115, 128, 129, 130, 132, 133, 135, 136, 137, 139, 140, 141, 143, 144, 145, 146, 147, 150, 163, 164, 166, 167, 170, 171, 172], "summary": {"covered_lines": 56, "num_statements": 74, "percent_covered": 75.67567567567568, "percent_covered_display": "76", "missing_lines": 18, "excluded_lines": 0}, "missing_lines": [38, 69, 99, 100, 102, 103, 104, 105, 106, 107, 108, 110, 111, 112, 165, 168, 169, 173], "excluded_lines": []}, "src/validation.py": {"executed_lines": [1, 8, 10, 21, 22, 23, 24, 25, 26, 27, 28, 29, 30, 31, 32, 33, 34, 35, 38, 49, 50, 51, 52, 54, 58, 64, 74, 75, 76, 77, 78, 81, 91, 92, 93, 94, 96, 97, 98, 101, 112, 113, 114, 115, 120, 121, 123, 124, 125, 127, 128, 129, 132, 146, 147, 148, 151, 164, 166, 168, 170, 171, 173, 175, 176, 178, 179, 180, 182, 197, 198, 199, 200, 202, 203], "summary": {"covered_lines": 74, "num_statements": 80, "percent_covered": 92.5, "percent_covered_display": "92", "missing_lines": 6, "excluded_lines": 0}, "missing_lines": [53, 55, 56, 57, 59, 177], "excluded_lines": []}, "tests/test_rendering.py": {"executed_lines": [2, 3, 5, 7, 17, 18, 19, 20, 37, 38, 39, 60, 62, 63, 66, 67, 68, 69, 70, 71, 73, 74, 75, 76, 77, 79, 80, 81, 82, 83, 85, 86, 87, 88, 89, 91, 92, 93, 94, 95, 103, 104, 105, 107, 108, 109, 110, 116, 117, 120, 121, 122, 125, 134, 135, 136, 138, 139, 142, 150, 151, 152, 154, 155, 158, 170, 171, 173, 174, 175, 176, 181, 182, 184, 185, 187, 188, 193, 197, 198, 199, 202, 203, 204, 207, 217, 221, 222, 225, 226, 230, 248, 253, 254, 257, 258, 267, 281, 286, 287, 289, 290, 298, 312, 313, 316, 317, 323, 324, 325, 331, 337, 338, 341, 342, 343, 348, 360, 364, 365, 366, 368, 369, 379, 391, 396, 397, 399, 400, 410, 426, 427, 429], "summary": {"covered_lines": 133, "num_statements": 134, "percent_covered": 99.25373134328358, "percent_covered_display": "99", "missing_lines": 1, "excluded_lines": 0}, "missing_lines": [430], "excluded_lines": []}, "tests/test_template.py": {"executed_lines": [2, 6, 7, 9, 16, 31, 32, 41, 67, 82, 84, 85, 86, 93, 94, 102, 109, 115, 118, 119, 121, 122, 123, 125, 130, 132, 133, 135, 136, 137, 138, 139, 142, 143, 146, 153, 155, 156, 157, 159, 160, 161, 162, 165, 166, 168, 170, 171, 172, 173, 174, 176, 177, 183, 185, 189, 191, 192, 193, 195, 196, 197, 198, 199, 201, 202, 211, 213, 219, 221, 222, 223, 225, 226, 227, 228, 229, 230, 237, 239, 240, 245, 247, 248, 257, 259, 267, 269, 270, 271, 272, 274, 275, 276, 277, 278, 279, 286, 288, 289, 294, 296, 297, 306, 308, 317, 319, 320, 321, 322, 325, 326, 327, 332, 337, 338, 340, 341, 346, 347, 352, 353, 356, 357, 358, 363, 368, 376, 377, 379, 380, 385, 390, 396, 397, 399, 400, 406, 412, 420, 421, 423, 424, 431, 438, 448, 449, 451, 452, 457, 461, 466, 467, 469, 470, 474, 479, 480, 482, 483, 487, 491, 497, 498, 501, 502, 503, 508, 510, 511, 516, 517, 520], "summary": {"covered_lines": 172, "num_statements": 189, "percent_covered": 91.005291005291, "percent_covered_display": "91", "missing_lines": 17, "excluded_lines": 0}, "missing_lines": [33, 34, 39, 56, 58, 59, 60, 64, 87, 91, 95, 99, 103, 107, 110, 114, 521], "excluded_lines": []}, "tests/test_validation.py": {"executed_lines": [2, 4, 15, 16, 17, 18, 19, 20, 21, 22, 23, 24, 25, 26, 28, 29, 30, 32, 33, 34, 40, 42, 43, 48, 49, 51, 52, 53, 69, 70, 71, 73, 74, 90, 91, 92, 95, 96, 97, 103, 108, 109, 111, 112, 116, 120, 121, 124, 125, 126, 132, 138, 140, 141, 147, 153, 155, 156, 162, 168, 169, 172, 173, 179, 184, 185, 187, 188, 194, 201, 202, 205, 206, 207, 211, 219, 221, 222, 226, 234, 236, 237, 241, 248, 249, 251, 252, 256, 263, 264, 267, 268, 269, 273, 281, 283, 284, 288, 296, 298, 299, 302, 307, 309, 310, 314, 321, 322, 324, 325, 329, 337, 338, 340, 341, 344, 348, 349, 352, 353, 354, 372, 383, 385, 386, 404, 410, 412, 413, 431, 437, 438, 440], "summary": {"covered_lines": 133, "num_statements": 134, "percent_covered": 99.25373134328358, "percent_covered_display": "99", "missing_lines": 1, "excluded_lines": 0}, "missing_lines": [441], "excluded_lines": []}, "/usr/lib/python3/dist-packages/yaml/__init__.py": {"executed_lines": [2, 4, 5, 6, 8, 9, 11, 12, 13, 14, 18, 25, 30, 40, 41, 43, 58, 69, 80, 91, 103, 108, 112, 113, 114, 116, 118, 134, 144, 154, 164, 174, 184, 194, 215, 245, 252, 285, 292, 300, 308, 324, 339, 352, 366, 375, 384, 385, 388, 389, 390, 399, 400, 405, 407, 408, 410, 411, 413, 414, 420, 421], "summary": {"covered_lines": 60, "num_statements": 184, "percent_covered": 32.608695652173914, "percent_covered_display": "33", "missing_lines": 124, "excluded_lines": 0}, "missing_lines": [15, 16, 31, 32, 34, 35, 36, 37, 44, 45, 47, 49, 55, 62, 63, 64, 65, 67, 73, 74, 75, 76, 78, 85, 86, 87, 89, 96, 97, 98, 99, 101, 109, 110, 123, 124, 125, 127, 128, 129, 130, 132, 142, 152, 162, 172, 182, 192, 201, 202, 203, 204, 205, 207, 208, 209, 211, 212, 213, 224, 225, 226, 227, 229, 230, 231, 235, 236, 237, 238, 239, 241, 242, 243, 250, 262, 263, 264, 265, 267, 268, 269, 275, 276, 277, 278, 279, 281, 282, 283, 290, 298, 306, 316, 317, 318, 319, 321, 322, 331, 332, 333, 334, 336, 337, 345, 346, 347, 348, 350, 359, 360, 361, 362, 364, 373, 382, 391, 392, 393, 395, 397, 418, 425], "excluded_lines": []}, "/usr/lib/python3/dist-packages/yaml/composer.py": {"executed_lines": [2, 4, 5, 6, 8, 9, 11, 13, 14, 16, 24, 29, 31, 34, 35, 36, 39, 46, 48, 50, 52, 55, 58, 60, 61, 63, 64, 71, 72, 73, 78, 79, 80, 81, 82, 83, 84, 85, 86, 88, 89, 90, 91, 92, 93, 95, 97, 99, 100, 101, 102, 103, 104, 107, 109, 110, 111, 112, 113, 114, 115, 117, 118, 119, 120, 121, 122, 125, 127, 129, 133, 135, 136, 137, 138], "summary": {"covered_lines": 75, "num_statements": 92, "percent_covered": 81.52173913043478, "percent_covered_display": "82", "missing_lines": 17, "excluded_lines": 0}, "missing_lines": [18, 19, 22, 26, 27, 40, 41, 65, 66, 67, 68, 70, 74, 75, 96, 108, 126], "excluded_lines": []}, "/usr/lib/python3/dist-packages/yaml/constructor.py": {"executed_lines": [2, 11, 12, 14, 16, 17, 19, 21, 22, 24, 25, 26, 27, 28, 30, 34, 42, 47, 49, 50, 51, 54, 55, 56, 57, 58, 59, 60, 62, 63, 64, 65, 67, 68, 70, 73, 76, 77, 78, 79, 80, 99, 100, 103, 104, 105, 106, 110, 111, 112, 113, 115, 117, 118, 122, 124, 125, 129, 132, 133, 137, 138, 139, 140, 143, 144, 145, 147, 159, 160, 161, 162, 163, 165, 166, 167, 168, 169, 171, 173, 174, 178, 180, 181, 182, 183, 184, 185, 207, 211, 212, 215, 216, 217, 218, 220, 224, 233, 234, 235, 237, 238, 239, 240, 241, 243, 245, 247, 249, 251, 253, 263, 265, 266, 267, 268, 270, 294, 310, 322, 353, 375, 396, 402, 403, 405, 406, 407, 408, 410, 411, 412, 413, 414, 416, 426, 431, 435, 439, 443, 447, 451, 455, 459, 463, 467, 471, 475, 479, 482, 486, 489, 494, 497, 500, 516, 519, 522, 525, 540, 565, 572, 579, 595, 614, 623, 658, 661, 665, 669, 673, 677, 681, 685, 689, 693, 697, 701, 705, 709, 713, 715, 718, 721, 725, 729, 733, 737, 741, 747, 748], "summary": {"covered_lines": 191, "num_statements": 479, "percent_covered": 39.87473903966597, "percent_covered_display": "40", "missing_lines": 288, "excluded_lines": 0}, "missing_lines": [32, 38, 39, 44, 45, 52, 61, 69, 71, 72, 74, 82, 83, 84, 85, 86, 88, 89, 90, 91, 92, 93, 94, 95, 96, 97, 98, 102, 107, 108, 114, 119, 126, 134, 141, 148, 149, 152, 153, 154, 155, 156, 157, 175, 176, 177, 186, 187, 188, 189, 190, 191, 192, 193, 194, 198, 199, 200, 201, 202, 204, 208, 209, 213, 221, 222, 242, 244, 246, 248, 250, 252, 254, 255, 256, 257, 258, 259, 260, 261, 271, 272, 273, 274, 275, 276, 277, 278, 279, 280, 281, 282, 283, 284, 285, 286, 287, 288, 289, 290, 292, 295, 296, 297, 298, 301, 302, 303, 305, 306, 307, 323, 324, 325, 326, 327, 328, 329, 330, 331, 332, 333, 334, 335, 336, 337, 338, 339, 340, 341, 342, 343, 344, 345, 346, 347, 348, 349, 350, 356, 357, 358, 359, 361, 362, 363, 366, 367, 370, 371, 372, 373, 377, 378, 379, 380, 382, 383, 384, 387, 388, 391, 392, 393, 394, 397, 398, 399, 400, 417, 418, 419, 420, 421, 423, 424, 427, 487, 490, 491, 492, 495, 498, 501, 502, 503, 504, 507, 508, 509, 511, 512, 513, 517, 520, 523, 526, 527, 529, 530, 531, 532, 533, 535, 536, 538, 541, 542, 544, 545, 547, 548, 549, 550, 551, 552, 553, 555, 556, 558, 559, 560, 563, 566, 567, 568, 570, 573, 574, 575, 577, 581, 582, 583, 584, 585, 586, 587, 590, 591, 593, 596, 597, 599, 600, 601, 602, 603, 604, 605, 606, 607, 608, 609, 610, 611, 612, 617, 618, 619, 620, 621, 635, 636, 637, 638, 639, 640, 642, 643, 644, 645, 646, 647, 648, 649, 650, 651, 652, 653, 654, 655, 656, 659, 716, 719, 722, 726], "excluded_lines": []}, "/usr/lib/python3/dist-packages/yaml/cyaml.py": {"executed_lines": [2, 7, 9, 11, 12, 14, 16, 18, 23, 25, 30, 32, 37, 39, 44, 46, 51, 53, 68, 70, 85, 87], "summary": {"covered_lines": 22, "num_statements": 46, "percent_covered": 47.82608695652174, "percent_covered_display": "48", "missing_lines": 24, "excluded_lines": 0}, "missing_lines": [19, 20, 21, 26, 27, 28, 33, 34, 35, 40, 41, 42, 47, 48, 49, 59, 64, 66, 76, 81, 83, 93, 98, 100], "excluded_lines": []}, "/usr/lib/python3/dist-packages/yaml/dumper.py": {"executed_lines": [2, 4, 5, 6, 7, 9, 11, 27, 29, 45, 47], "summary": {"covered_lines": 11, "num_statements": 23, "percent_covered": 47.82608695652174, "percent_covered_display": "48", "missing_lines": 12, "excluded_lines": 0}, "missing_lines": [17, 20, 23, 25, 35, 38, 41, 43, 53, 56, 59, 61], "excluded_lines": []}, "/usr/lib/python3/dist-packages/yaml/emitter.py": {"executed_lines": [9, 11, 12, 14, 15, 17, 18, 31, 33, 38, 106, 111, 120, 133, 146, 160, 170, 175, 178, 214, 226, 232, 260, 266, 274, 280, 292, 310, 316, 333, 354, 359, 368, 373, 376, 388, 392, 395, 409, 414, 422, 426, 430, 437, 459, 469, 494, 515, 539, 545, 557, 580, 616, 626, 788, 792, 797, 800, 814, 827, 838, 845, 854, 908, 926, 980, 991, 1045, 1080], "summary": {"covered_lines": 69, "num_statements": 838, "percent_covered": 8.233890214797135, "percent_covered_display": "8", "missing_lines": 769, "excluded_lines": 0}, "missing_lines": [22, 23, 24, 25, 26, 27, 28, 29, 42, 45, 49, 50, 53, 54, 57, 58, 61, 64, 65, 66, 67, 74, 75, 76, 77, 80, 83, 84, 85, 86, 87, 88, 89, 90, 91, 92, 93, 96, 99, 100, 103, 104, 108, 109, 112, 113, 114, 115, 116, 121, 122, 123, 124, 125, 126, 127, 128, 129, 131, 134, 135, 136, 137, 138, 139, 140, 141, 142, 143, 144, 147, 148, 149, 150, 152, 153, 154, 161, 162, 163, 164, 165, 167, 171, 176, 179, 180, 181, 182, 183, 184, 185, 186, 187, 188, 189, 190, 191, 192, 193, 194, 195, 198, 199, 200, 201, 202, 203, 204, 205, 206, 207, 208, 209, 211, 215, 216, 217, 218, 219, 220, 221, 223, 227, 228, 234, 235, 236, 237, 238, 239, 240, 241, 242, 243, 244, 245, 246, 248, 250, 251, 252, 254, 256, 258, 261, 262, 263, 264, 267, 268, 269, 270, 275, 276, 277, 278, 281, 282, 283, 284, 285, 287, 288, 289, 290, 293, 294, 295, 296, 297, 298, 299, 300, 302, 303, 304, 305, 306, 311, 312, 313, 314, 317, 318, 319, 320, 321, 323, 324, 325, 326, 327, 329, 330, 331, 334, 335, 336, 337, 338, 339, 340, 341, 343, 344, 345, 346, 347, 348, 350, 351, 352, 355, 356, 357, 360, 361, 362, 363, 364, 369, 370, 371, 374, 377, 378, 379, 381, 382, 383, 384, 389, 390, 393, 396, 397, 398, 400, 401, 402, 403, 405, 406, 407, 410, 411, 412, 415, 416, 417, 418, 423, 427, 431, 432, 433, 434, 438, 439, 440, 441, 442, 443, 445, 446, 447, 448, 449, 450, 451, 452, 460, 461, 462, 463, 464, 465, 466, 467, 470, 471, 472, 473, 474, 477, 478, 479, 480, 481, 483, 484, 485, 486, 487, 488, 489, 490, 491, 492, 495, 496, 497, 498, 499, 500, 504, 505, 506, 508, 509, 510, 512, 513, 516, 517, 518, 519, 520, 524, 525, 526, 527, 528, 529, 530, 531, 533, 534, 535, 540, 541, 542, 543, 546, 547, 548, 549, 550, 551, 553, 555, 558, 559, 560, 561, 562, 563, 564, 565, 566, 568, 570, 571, 572, 573, 574, 575, 576, 577, 578, 581, 582, 583, 584, 585, 586, 587, 588, 589, 591, 592, 593, 594, 595, 596, 597, 600, 602, 603, 604, 605, 606, 607, 608, 609, 610, 611, 612, 614, 617, 618, 619, 620, 622, 624, 629, 630, 636, 637, 638, 639, 642, 643, 644, 645, 646, 647, 650, 651, 652, 655, 658, 662, 665, 667, 668, 669, 672, 674, 675, 676, 677, 678, 679, 680, 681, 682, 683, 686, 687, 688, 689, 690, 691, 692, 693, 694, 697, 698, 699, 700, 703, 704, 705, 707, 710, 711, 712, 713, 714, 715, 716, 717, 718, 719, 720, 721, 722, 723, 724, 725, 726, 727, 729, 730, 733, 734, 735, 739, 740, 741, 742, 743, 746, 748, 751, 752, 756, 757, 761, 762, 767, 768, 771, 772, 775, 776, 778, 789, 790, 794, 795, 798, 802, 803, 805, 806, 807, 808, 809, 810, 811, 812, 815, 816, 818, 819, 820, 821, 822, 823, 824, 825, 828, 829, 830, 831, 832, 833, 834, 835, 836, 839, 840, 841, 842, 843, 846, 847, 848, 849, 850, 855, 856, 857, 858, 859, 860, 861, 862, 863, 864, 865, 867, 869, 870, 871, 872, 873, 874, 875, 876, 877, 878, 879, 880, 881, 883, 884, 885, 887, 888, 889, 890, 891, 892, 893, 894, 895, 896, 897, 898, 899, 900, 901, 902, 903, 904, 905, 906, 927, 928, 929, 930, 931, 932, 933, 938, 939, 940, 941, 942, 943, 944, 945, 946, 947, 948, 949, 950, 951, 953, 954, 955, 956, 957, 958, 959, 961, 962, 963, 964, 965, 966, 967, 968, 969, 970, 971, 972, 973, 974, 975, 976, 977, 978, 981, 982, 983, 984, 985, 986, 987, 988, 989, 992, 993, 994, 995, 996, 997, 998, 999, 1000, 1001, 1002, 1003, 1004, 1005, 1006, 1007, 1009, 1010, 1011, 1012, 1013, 1015, 1016, 1017, 1018, 1019, 1020, 1021, 1022, 1024, 1025, 1026, 1027, 1028, 1029, 1031, 1032, 1033, 1034, 1035, 1036, 1037, 1038, 1039, 1040, 1041, 1042, 1043, 1046, 1047, 1048, 1049, 1050, 1051, 1052, 1053, 1054, 1055, 1056, 1057, 1058, 1059, 1060, 1061, 1063, 1064, 1065, 1066, 1068, 1069, 1070, 1071, 1072, 1073, 1074, 1075, 1076, 1077, 1078, 1081, 1082, 1083, 1084, 1085, 1086, 1087, 1088, 1089, 1090, 1091, 1092, 1093, 1094, 1095, 1096, 1097, 1098, 1099, 1100, 1101, 1102, 1103, 1104, 1105, 1107, 1108, 1109, 1110, 1111, 1112, 1113, 1114, 1115, 1116, 1117, 1118, 1119, 1121, 1122, 1123, 1124, 1125, 1127, 1128, 1129, 1130, 1131, 1132, 1133, 1134, 1135, 1136, 1137], "excluded_lines": []}, "/usr/lib/python3/dist-packages/yaml/error.py": {"executed_lines": [2, 4, 6, 7, 8, 9, 10, 11, 12, 14, 37, 45, 46, 48, 50, 58], "summary": {"covered_lines": 16, "num_statements": 58, "percent_covered": 27.586206896551722, "percent_covered_display": "28", "missing_lines": 42, "excluded_lines": 0}, "missing_lines": [15, 16, 17, 18, 19, 20, 21, 22, 23, 24, 25, 26, 27, 28, 29, 30, 31, 32, 33, 34, 38, 39, 41, 42, 43, 52, 53, 54, 55, 56, 59, 60, 61, 62, 67, 68, 69, 70, 71, 72, 73, 74], "excluded_lines": []}, "/usr/lib/python3/dist-packages/yaml/events.py": {"executed_lines": [4, 5, 6, 7, 8, 15, 16, 21, 22, 24, 25, 26, 27, 28, 29, 31, 32, 36, 37, 38, 39, 40, 42, 43, 45, 46, 48, 49, 50, 51, 52, 54, 55, 57, 58, 59, 61, 62, 64, 65, 67, 68, 69, 70, 71, 72, 73, 75, 76, 78, 79, 81, 82, 84, 85], "summary": {"covered_lines": 55, "num_statements": 61, "percent_covered": 90.1639344262295, "percent_covered_display": "90", "missing_lines": 6, "excluded_lines": 0}, "missing_lines": [9, 11, 13, 17, 18, 19], "excluded_lines": []}, "/usr/lib/python3/dist-packages/yaml/loader.py": {"executed_lines": [2, 4, 5, 6, 7, 8, 9, 11, 13, 21, 23, 24, 25, 26, 27, 28, 29, 31, 33, 41, 43, 55, 57], "summary": {"covered_lines": 23, "num_statements": 47, "percent_covered": 48.93617021276596, "percent_covered_display": "49", "missing_lines": 24, "excluded_lines": 0}, "missing_lines": [14, 15, 16, 17, 18, 19, 34, 35, 36, 37, 38, 39, 44, 45, 46, 47, 48, 49, 58, 59, 60, 61, 62, 63], "excluded_lines": []}, "/usr/lib/python3/dist-packages/yaml/nodes.py": {"executed_lines": [2, 3, 8, 25, 26, 27, 29, 30, 31, 32, 33, 35, 36, 38, 39, 40, 41, 42, 44, 45, 47, 48], "summary": {"covered_lines": 22, "num_statements": 29, "percent_covered": 75.86206896551724, "percent_covered_display": "76", "missing_lines": 7, "excluded_lines": 0}, "missing_lines": [4, 5, 6, 7, 9, 22, 23], "excluded_lines": []}, "/usr/lib/python3/dist-packages/yaml/parser.py": {"executed_lines": [62, 64, 65, 66, 67, 69, 70, 72, 76, 81, 82, 83, 84, 85, 86, 87, 89, 91, 92, 94, 96, 97, 98, 99, 100, 102, 103, 104, 105, 107, 109, 112, 114, 116, 117, 118, 119, 120, 121, 127, 130, 131, 135, 137, 139, 142, 144, 145, 146, 147, 151, 152, 154, 159, 162, 166, 183, 184, 185, 186, 187, 188, 190, 193, 194, 195, 196, 200, 204, 206, 208, 217, 264, 265, 267, 270, 271, 273, 274, 279, 280, 281, 282, 292, 301, 315, 316, 317, 318, 319, 325, 326, 327, 328, 329, 330, 331, 334, 336, 337, 342, 347, 348, 349, 351, 352, 353, 354, 356, 372, 376, 377, 378, 379, 381, 382, 383, 384, 385, 386, 390, 394, 395, 396, 397, 398, 402, 422, 423, 424, 425, 427, 428, 429, 430, 431, 432, 436, 440, 441, 442, 443, 444, 446, 447, 448, 449, 450, 451, 471, 476, 502, 512, 526, 537, 542, 569, 583, 587], "summary": {"covered_lines": 159, "num_statements": 352, "percent_covered": 45.17045454545455, "percent_covered_display": "45", "missing_lines": 193, "excluded_lines": 0}, "missing_lines": [101, 110, 111, 157, 163, 167, 168, 169, 170, 171, 175, 176, 177, 179, 180, 197, 198, 199, 209, 211, 212, 213, 215, 218, 219, 220, 221, 222, 223, 224, 226, 227, 228, 231, 232, 233, 234, 235, 238, 239, 240, 242, 243, 244, 245, 246, 268, 275, 276, 277, 283, 284, 285, 286, 287, 288, 289, 290, 291, 293, 294, 295, 296, 297, 298, 299, 300, 302, 303, 304, 305, 308, 310, 320, 321, 323, 333, 338, 339, 341, 343, 344, 346, 357, 360, 362, 364, 365, 367, 368, 369, 388, 389, 391, 392, 403, 404, 405, 407, 408, 410, 411, 412, 413, 414, 415, 434, 435, 437, 438, 453, 454, 456, 457, 458, 472, 473, 474, 477, 478, 479, 480, 482, 483, 486, 487, 488, 491, 492, 493, 494, 495, 496, 497, 498, 499, 500, 503, 504, 506, 507, 509, 510, 513, 514, 515, 516, 517, 519, 520, 522, 523, 524, 527, 528, 529, 538, 539, 540, 543, 544, 545, 546, 548, 549, 551, 552, 553, 555, 556, 558, 559, 560, 561, 562, 563, 564, 565, 566, 567, 570, 571, 572, 573, 574, 576, 577, 579, 580, 581, 584, 585, 588], "excluded_lines": []}, "/usr/lib/python3/dist-packages/yaml/reader.py": {"executed_lines": [18, 20, 22, 24, 26, 33, 45, 59, 60, 61, 62, 63, 64, 65, 66, 67, 68, 69, 70, 71, 72, 73, 74, 75, 76, 81, 82, 83, 84, 85, 87, 88, 89, 94, 95, 96, 97, 99, 100, 101, 102, 103, 104, 105, 106, 108, 109, 110, 111, 112, 114, 115, 116, 119, 122, 123, 124, 125, 135, 137, 138, 139, 140, 146, 147, 148, 149, 150, 151, 152, 153, 154, 167, 168, 169, 170, 171, 172, 173, 174, 175, 177, 178, 179, 180, 182, 183, 184, 185], "summary": {"covered_lines": 89, "num_statements": 122, "percent_covered": 72.95081967213115, "percent_covered_display": "73", "missing_lines": 33, "excluded_lines": 0}, "missing_lines": [27, 28, 29, 30, 31, 34, 35, 40, 77, 78, 79, 90, 91, 92, 126, 127, 128, 129, 130, 131, 133, 134, 141, 142, 143, 155, 156, 158, 159, 160, 161, 163, 164], "excluded_lines": []}, "/usr/lib/python3/dist-packages/yaml/representer.py": {"executed_lines": [2, 5, 6, 8, 10, 11, 13, 15, 16, 18, 26, 33, 65, 66, 67, 68, 69, 71, 72, 73, 74, 75, 77, 85, 103, 131, 134, 136, 144, 147, 150, 157, 164, 167, 168, 169, 171, 191, 206, 209, 215, 219, 223, 230, 233, 236, 239, 242, 245, 248, 251, 254, 257, 260, 263, 266, 269, 272, 274, 285, 288, 292, 296, 358, 366, 369, 372, 375, 378, 381, 384, 387], "summary": {"covered_lines": 72, "num_statements": 248, "percent_covered": 29.032258064516128, "percent_covered_display": "29", "missing_lines": 176, "excluded_lines": 0}, "missing_lines": [19, 20, 21, 22, 23, 24, 27, 28, 29, 30, 31, 34, 35, 37, 38, 39, 40, 43, 45, 46, 47, 48, 50, 51, 52, 53, 55, 56, 57, 58, 60, 63, 78, 79, 80, 81, 82, 83, 86, 87, 88, 89, 90, 91, 92, 93, 94, 95, 96, 97, 98, 100, 101, 104, 105, 106, 107, 108, 109, 110, 111, 112, 113, 114, 115, 116, 117, 118, 119, 120, 121, 122, 123, 124, 125, 126, 128, 129, 132, 137, 138, 139, 140, 141, 142, 145, 148, 151, 152, 154, 155, 158, 159, 161, 162, 165, 172, 173, 174, 175, 176, 177, 179, 187, 188, 189, 199, 207, 210, 211, 212, 213, 216, 217, 220, 221, 224, 225, 227, 228, 231, 275, 276, 277, 278, 279, 280, 282, 283, 286, 289, 290, 293, 313, 314, 315, 316, 317, 318, 319, 321, 322, 323, 324, 325, 326, 327, 328, 329, 330, 331, 332, 333, 334, 335, 337, 338, 339, 340, 342, 344, 346, 347, 348, 349, 350, 351, 352, 353, 354, 355, 356, 360, 361, 363, 364], "excluded_lines": []}, "/usr/lib/python3/dist-packages/yaml/resolver.py": {"executed_lines": [2, 4, 5, 7, 9, 10, 12, 14, 15, 16, 18, 19, 21, 22, 23, 25, 26, 27, 28, 29, 31, 32, 34, 35, 37, 38, 91, 92, 93, 114, 115, 116, 120, 143, 144, 145, 148, 149, 150, 151, 152, 153, 154, 160, 161, 162, 163, 164, 165, 167, 168, 170, 177, 186, 195, 200, 207, 216, 223], "summary": {"covered_lines": 59, "num_statements": 135, "percent_covered": 43.7037037037037, "percent_covered_display": "44", "missing_lines": 76, "excluded_lines": 0}, "missing_lines": [30, 33, 51, 52, 53, 54, 55, 56, 57, 58, 59, 60, 62, 64, 65, 66, 67, 68, 69, 70, 71, 72, 75, 76, 78, 79, 80, 81, 82, 83, 84, 85, 86, 88, 89, 94, 95, 96, 97, 98, 99, 101, 102, 104, 106, 107, 108, 110, 111, 112, 117, 118, 122, 123, 124, 125, 126, 127, 128, 129, 130, 131, 133, 134, 135, 137, 138, 139, 140, 141, 146, 155, 156, 157, 158, 159], "excluded_lines": []}, "/usr/lib/python3/dist-packages/yaml/scanner.py": {"executed_lines": [27, 29, 30, 32, 33, 35, 38, 39, 40, 41, 42, 43, 44, 46, 48, 60, 64, 67, 70, 73, 76, 79, 101, 109, 113, 115, 116, 117, 118, 120, 121, 122, 123, 125, 128, 130, 131, 135, 137, 139, 140, 141, 145, 146, 147, 148, 149, 152, 153, 154, 156, 159, 162, 166, 169, 172, 173, 176, 180, 184, 194, 198, 202, 206, 210, 214, 215, 218, 222, 223, 226, 230, 234, 238, 239, 242, 246, 250, 251, 254, 255, 264, 272, 273, 274, 275, 276, 277, 279, 286, 287, 288, 290, 293, 295, 301, 305, 306, 307, 308, 310, 312, 314, 325, 340, 344, 345, 346, 347, 349, 351, 352, 353, 354, 355, 359, 364, 367, 371, 374, 377, 378, 379, 382, 385, 388, 390, 402, 405, 408, 424, 427, 430, 447, 450, 453, 470, 484, 487, 490, 496, 497, 498, 506, 509, 512, 513, 514, 515, 517, 545, 548, 551, 552, 553, 558, 559, 560, 564, 596, 597, 598, 599, 601, 612, 623, 634, 635, 637, 640, 643, 646, 649, 651, 654, 655, 657, 660, 663, 666, 668, 671, 676, 679, 683, 690, 693, 698, 706, 709, 711, 721, 724, 729, 731, 745, 746, 752, 772, 774, 775, 776, 777, 778, 781, 782, 783, 785, 787, 806, 827, 844, 857, 867, 876, 885, 899, 935, 976, 979, 982, 984, 985, 988, 989, 990, 993, 994, 996, 997, 998, 1002, 1005, 1006, 1007, 1008, 1009, 1010, 1011, 1012, 1013, 1014, 1015, 1021, 1026, 1040, 1043, 1044, 1045, 1049, 1052, 1054, 1055, 1056, 1057, 1071, 1085, 1086, 1090, 1092, 1094, 1096, 1099, 1100, 1104, 1106, 1108, 1109, 1110, 1111, 1112, 1116, 1117, 1118, 1119, 1121, 1123, 1124, 1125, 1126, 1127, 1132, 1134, 1141, 1142, 1145, 1146, 1147, 1148, 1149, 1150, 1153, 1154, 1155, 1158, 1179, 1185, 1187, 1188, 1189, 1190, 1191, 1192, 1193, 1194, 1195, 1196, 1199, 1202, 1226, 1228, 1252, 1270, 1276, 1277, 1278, 1279, 1284, 1285, 1286, 1287, 1289, 1290, 1291, 1296, 1297, 1298, 1300, 1301, 1302, 1303, 1304, 1305, 1306, 1308, 1309, 1311, 1315, 1316, 1317, 1319, 1320, 1321, 1322, 1323, 1324, 1325, 1326, 1329, 1330, 1331, 1332, 1339, 1341, 1342, 1343, 1344, 1346, 1348, 1372, 1397, 1416, 1425, 1426, 1427, 1430, 1431, 1432, 1435], "summary": {"covered_lines": 369, "num_statements": 758, "percent_covered": 48.68073878627968, "percent_covered_display": "49", "missing_lines": 389, "excluded_lines": 0}, "missing_lines": [119, 129, 133, 138, 177, 181, 185, 195, 199, 203, 207, 211, 219, 227, 231, 235, 243, 247, 258, 291, 315, 317, 318, 321, 341, 393, 396, 397, 400, 403, 406, 411, 415, 416, 419, 420, 421, 422, 425, 428, 433, 436, 439, 442, 443, 444, 445, 448, 451, 456, 459, 462, 465, 466, 467, 468, 473, 476, 479, 480, 481, 482, 491, 503, 520, 523, 524, 529, 530, 531, 534, 537, 540, 541, 542, 543, 572, 576, 577, 584, 585, 586, 587, 590, 593, 604, 607, 610, 615, 618, 621, 626, 629, 632, 638, 652, 687, 688, 694, 696, 701, 702, 704, 714, 715, 719, 725, 773, 779, 780, 789, 790, 791, 792, 793, 794, 795, 796, 797, 798, 800, 801, 802, 803, 804, 808, 809, 810, 812, 813, 814, 815, 818, 819, 820, 821, 822, 825, 829, 830, 831, 832, 833, 836, 837, 838, 839, 842, 846, 847, 848, 850, 851, 852, 853, 854, 855, 859, 860, 861, 862, 863, 864, 865, 869, 870, 871, 872, 874, 878, 879, 880, 881, 883, 887, 888, 889, 890, 891, 892, 893, 894, 897, 908, 909, 910, 911, 913, 914, 915, 916, 917, 919, 920, 921, 922, 925, 926, 927, 928, 929, 932, 933, 937, 938, 939, 940, 941, 942, 943, 944, 947, 948, 949, 950, 951, 953, 954, 955, 956, 957, 958, 959, 960, 961, 962, 963, 965, 966, 967, 968, 969, 970, 972, 973, 974, 980, 995, 1000, 1001, 1023, 1024, 1046, 1058, 1059, 1061, 1062, 1063, 1064, 1065, 1066, 1067, 1070, 1072, 1073, 1074, 1077, 1078, 1079, 1080, 1081, 1083, 1084, 1087, 1095, 1097, 1098, 1101, 1113, 1114, 1128, 1129, 1130, 1131, 1144, 1151, 1152, 1197, 1198, 1200, 1201, 1203, 1204, 1205, 1206, 1207, 1208, 1209, 1210, 1211, 1212, 1213, 1216, 1217, 1218, 1219, 1220, 1221, 1223, 1230, 1231, 1232, 1233, 1234, 1235, 1236, 1237, 1238, 1240, 1241, 1242, 1243, 1244, 1245, 1246, 1247, 1249, 1250, 1254, 1255, 1258, 1259, 1261, 1263, 1264, 1265, 1266, 1268, 1288, 1299, 1318, 1328, 1334, 1335, 1336, 1338, 1340, 1345, 1352, 1353, 1354, 1356, 1357, 1358, 1359, 1361, 1362, 1363, 1364, 1365, 1367, 1368, 1369, 1370, 1375, 1376, 1377, 1378, 1380, 1381, 1382, 1383, 1384, 1386, 1387, 1388, 1389, 1390, 1391, 1392, 1393, 1395, 1399, 1400, 1401, 1402, 1403, 1404, 1405, 1408, 1409, 1410, 1411, 1412, 1413, 1414, 1428, 1433, 1434], "excluded_lines": []}, "/usr/lib/python3/dist-packages/yaml/serializer.py": {"executed_lines": [2, 4, 5, 6, 8, 9, 11, 13, 15, 27, 36, 46, 60, 74, 78], "summary": {"covered_lines": 15, "num_statements": 85, "percent_covered": 17.647058823529413, "percent_covered_display": "18", "missing_lines": 70, "excluded_lines": 0}, "missing_lines": [17, 18, 19, 20, 21, 22, 23, 24, 25, 28, 29, 30, 31, 32, 34, 37, 38, 39, 40, 41, 47, 48, 49, 50, 51, 53, 54, 55, 56, 57, 58, 61, 62, 63, 65, 66, 67, 68, 69, 70, 71, 72, 75, 76, 79, 80, 81, 83, 84, 85, 86, 87, 88, 89, 91, 92, 94, 96, 97, 98, 99, 100, 101, 102, 104, 106, 107, 108, 109, 110], "excluded_lines": []}, "/usr/lib/python3/dist-packages/yaml/tokens.py": {"executed_lines": [2, 3, 4, 5, 6, 17, 18, 19, 25, 26, 28, 29, 31, 32, 33, 35, 36, 37, 39, 40, 42, 43, 45, 46, 48, 49, 51, 52, 54, 55, 57, 58, 60, 61, 63, 64, 66, 67, 69, 70, 72, 73, 75, 76, 77, 82, 83, 84, 89, 90, 91, 96, 97, 98, 99, 100, 101, 102, 103], "summary": {"covered_lines": 59, "num_statements": 76, "percent_covered": 77.63157894736842, "percent_covered_display": "78", "missing_lines": 17, "excluded_lines": 0}, "missing_lines": [7, 9, 10, 12, 20, 21, 22, 23, 78, 79, 80, 85, 86, 87, 92, 93, 94], "excluded_lines": []}}, "totals": {"covered_lines": 1993, "num_statements": 4307, "percent_covered": 46.2735082423961, "percent_covered_display": "46", "missing_lines": 2314, "excluded_lines": 0}}